Added Component: Designator=C12_U_GateDriverAndPowerDevices1(0603)
Added Component: Designator=C12_U_GateDriverAndPowerDevices2(0603)
Added Component: Designator=C13_U_GateDriverAndPowerDevices1(0603)
Added Component: Designator=C13_U_GateDriverAndPowerDevices2(0603)
Added Component: Designator=C14_U_GateDriverAndPowerDevices1(0603)
Added Component: Designator=C14_U_GateDriverAndPowerDevices2(0603)
Added Component: Designator=C15_U_GateDriverAndPowerDevices1(0603)
Added Component: Designator=C15_U_GateDriverAndPowerDevices2(0603)
Added Component: Designator=C16_U_GateDriverAndPowerDevices1(0603)
Added Component: Designator=C16_U_GateDriverAndPowerDevices2(0603)
Added Component: Designator=C17_U_GateDriverAndPowerDevices1(0603)
Added Component: Designator=C17_U_GateDriverAndPowerDevices2(0603)
Added Component: Designator=C18_U_GateDriverAndPowerDevices1(0603)
Added Component: Designator=C18_U_GateDriverAndPowerDevices2(0603)
Added Component: Designator=C19_U_GateDriverAndPowerDevices1(0603)
Added Component: Designator=C19_U_GateDriverAndPowerDevices2(0603)
Added Component: Designator=C20_U_GateDriverAndPowerDevices1(0603)
Added Component: Designator=C20_U_GateDriverAndPowerDevices2(0603)
Added Component: Designator=C21_U_GateDriverAndPowerDevices1(0603)
Added Component: Designator=C21_U_GateDriverAndPowerDevices2(0603)
Added Component: Designator=C22_U_GateDriverAndPowerDevices1(0603)
Added Component: Designator=C22_U_GateDriverAndPowerDevices2(0603)
Added Component: Designator=C23_U_GateDriverAndPowerDevices1(0603)
Added Component: Designator=C23_U_GateDriverAndPowerDevices2(0603)
Added Component: Designator=C24_U_GateDriverAndPowerDevices1(0603)
Added Component: Designator=C24_U_GateDriverAndPowerDevices2(0603)
Added Component: Designator=C32(0603)
Added Component: Designator=C33(0603)
Added Component: Designator=C34(0603)
Added Component: Designator=C35(0603)
Added Component: Designator=C36(0603)
Added Component: Designator=C37(0603)
Added Component: Designator=C53(0603)
Added Component: Designator=C54(0603)
Added Component: Designator=C55(0603)
Added Component: Designator=C56(0603)
Added Component: Designator=C57(0603)
Added Component: Designator=C58(0603)
Added Component: Designator=C59(0603)
Added Component: Designator=D16_U_GateDriverAndPowerDevices1(SMC)
Added Component: Designator=D16_U_GateDriverAndPowerDevices2(SMC)
Added Component: Designator=D20(SMC)
Added Component: Designator=D21(SMC)
Added Component: Designator=D22(SMC)
Added Component: Designator=D23(SMC)
Added Component: Designator=D24(SMC)
Added Component: Designator=D27(SMC)
Added Component: Designator=L3(0402-A)
Added Component: Designator=L4(0402-A)
Added Component: Designator=L5(0402-A)
Added Component: Designator=L6(0402-A)
Added Component: Designator=L7(0402-A)
Added Component: Designator=L8(0402-A)
Added Component: Designator=P3(HDR1X2)
Added Component: Designator=P4(HDR1X2)
Added Component: Designator=P5(HDR1X2)
Added Component: Designator=P7(BNC_RA CON)
Added Component: Designator=Q2_U_GateDriverAndPowerDevices1(E3)
Added Component: Designator=Q2_U_GateDriverAndPowerDevices2(E3)
Added Component: Designator=Q3_U_GateDriverAndPowerDevices1(E3)
Added Component: Designator=Q3_U_GateDriverAndPowerDevices2(E3)
Added Component: Designator=Q4_U_GateDriverAndPowerDevices1(E3)
Added Component: Designator=Q4_U_GateDriverAndPowerDevices2(E3)
Added Component: Designator=Q8(E3)
Added Component: Designator=Q9(E3)
Added Component: Designator=Q10(E3)
Added Component: Designator=Q11(E3)
Added Component: Designator=Q12(E3)
Added Component: Designator=R25_U_GateDriverAndPowerDevices1(0603)
Added Component: Designator=R25_U_GateDriverAndPowerDevices2(0603)
Added Component: Designator=R26_U_GateDriverAndPowerDevices1(0603)
Added Component: Designator=R26_U_GateDriverAndPowerDevices2(0603)
Added Component: Designator=R27_U_GateDriverAndPowerDevices1(0603)
Added Component: Designator=R27_U_GateDriverAndPowerDevices2(0603)
Added Component: Designator=R28_U_GateDriverAndPowerDevices1(0603)
Added Component: Designator=R28_U_GateDriverAndPowerDevices2(0603)
Added Component: Designator=R29_U_GateDriverAndPowerDevices1(0603)
Added Component: Designator=R29_U_GateDriverAndPowerDevices2(0603)
Added Component: Designator=R30_U_GateDriverAndPowerDevices1(0603)
Added Component: Designator=R30_U_GateDriverAndPowerDevices2(0603)
Added Component: Designator=R31_U_GateDriverAndPowerDevices1(0603)
Added Component: Designator=R31_U_GateDriverAndPowerDevices2(0603)
Added Component: Designator=R32_U_GateDriverAndPowerDevices1(0603)
Added Component: Designator=R32_U_GateDriverAndPowerDevices2(0603)
Added Component: Designator=R33_U_GateDriverAndPowerDevices1(0603)
Added Component: Designator=R33_U_GateDriverAndPowerDevices2(0603)
Added Component: Designator=R49(VR5)
Added Component: Designator=R49(VR5)
Added Component: Designator=R50(0603)
Added Component: Designator=R51(0603)
Added Component: Designator=R52(VR5)
Added Component: Designator=R53(0603)
Added Component: Designator=R54(VR5)
Added Component: Designator=R55(0603)
Added Component: Designator=R56(0603)
Added Component: Designator=R57(0603)
Added Component: Designator=R58(0603)
Added Component: Designator=R59(VR5)
Added Component: Designator=R60(0603)
Added Component: Designator=R61(0603)
Added Component: Designator=R62(0603)
Added Component: Designator=R63(0603)
Added Component: Designator=R64(0603)
Added Component: Designator=R65(0603)
Added Component: Designator=R66(0603)
Added Component: Designator=R67(0603)
Added Component: Designator=R82(AXIAL-0.3)
Added Component: Designator=R84(AXIAL-0.3)
Added Component: Designator=R85(AXIAL-0.3)
Added Component: Designator=R86(AXIAL-0.3)
Added Component: Designator=R87(AXIAL-0.3)
Added Component: Designator=R88(AXIAL-0.3)
Added Component: Designator=T2(TRF_4)
Added Component: Designator=T3(TRF_4)
Added Pin To Net: NetName=4.7V_U_GateDriverAndPowerDevices1 Pin=C14_U_GateDriverAndPowerDevices1-1
Added Pin To Net: NetName=4.7V_U_GateDriverAndPowerDevices1 Pin=C24_U_GateDriverAndPowerDevices1-1
Added Pin To Net: NetName=4.7V_U_GateDriverAndPowerDevices1 Pin=D16_U_GateDriverAndPowerDevices1-2
Added Net: Name=4.7V_U_GateDriverAndPowerDevices1
Added Pin To Net: NetName=4.7V_U_GateDriverAndPowerDevices2 Pin=C14_U_GateDriverAndPowerDevices2-1
Added Pin To Net: NetName=4.7V_U_GateDriverAndPowerDevices2 Pin=C24_U_GateDriverAndPowerDevices2-1
Added Pin To Net: NetName=4.7V_U_GateDriverAndPowerDevices2 Pin=D16_U_GateDriverAndPowerDevices2-2
Added Net: Name=4.7V_U_GateDriverAndPowerDevices2
Added Pin To Net: NetName=5VHS_U_GateDriverAndPowerDevices1 Pin=C13_U_GateDriverAndPowerDevices1-1
Added Pin To Net: NetName=5VHS_U_GateDriverAndPowerDevices1 Pin=C21_U_GateDriverAndPowerDevices1-1
Added Pin To Net: NetName=5VHS_U_GateDriverAndPowerDevices1 Pin=R25_U_GateDriverAndPowerDevices1-1
Added Net: Name=5VHS_U_GateDriverAndPowerDevices1
Added Pin To Net: NetName=5VHS_U_GateDriverAndPowerDevices2 Pin=C13_U_GateDriverAndPowerDevices2-1
Added Pin To Net: NetName=5VHS_U_GateDriverAndPowerDevices2 Pin=C21_U_GateDriverAndPowerDevices2-1
Added Pin To Net: NetName=5VHS_U_GateDriverAndPowerDevices2 Pin=R25_U_GateDriverAndPowerDevices2-1
Added Net: Name=5VHS_U_GateDriverAndPowerDevices2
Added Pin To Net: NetName=5V Pin=C12_U_GateDriverAndPowerDevices1-1
Added Pin To Net: NetName=5V Pin=C12_U_GateDriverAndPowerDevices2-1
Added Pin To Net: NetName=5V Pin=C32-2
Added Pin To Net: NetName=5V Pin=C33-2
Added Pin To Net: NetName=5V Pin=C34-2
Added Pin To Net: NetName=5V Pin=C35-2
Added Pin To Net: NetName=5V Pin=C36-2
Added Pin To Net: NetName=5V Pin=D16_U_GateDriverAndPowerDevices1-1
Added Pin To Net: NetName=5V Pin=D16_U_GateDriverAndPowerDevices2-1
Added Pin To Net: NetName=5V Pin=Q2_U_GateDriverAndPowerDevices1-1
Added Pin To Net: NetName=5V Pin=Q2_U_GateDriverAndPowerDevices2-1
Added Pin To Net: NetName=5V Pin=R55-2
Added Pin To Net: NetName=5V Pin=R67-2
Added Net: Name=5V
Added Pin To Net: NetName=A4WPMODE Pin=Q10-2
Added Pin To Net: NetName=A4WPMODE Pin=Q12-2
Added Net: Name=A4WPMODE
Added Pin To Net: NetName=GH_U_GateDriverAndPowerDevices1 Pin=R28_U_GateDriverAndPowerDevices1-2
Added Pin To Net: NetName=GH_U_GateDriverAndPowerDevices1 Pin=R30_U_GateDriverAndPowerDevices1-1
Added Pin To Net: NetName=GH_U_GateDriverAndPowerDevices1 Pin=R31_U_GateDriverAndPowerDevices1-1
Added Net: Name=GH_U_GateDriverAndPowerDevices1
Added Pin To Net: NetName=GH_U_GateDriverAndPowerDevices2 Pin=R28_U_GateDriverAndPowerDevices2-2
Added Pin To Net: NetName=GH_U_GateDriverAndPowerDevices2 Pin=R30_U_GateDriverAndPowerDevices2-1
Added Pin To Net: NetName=GH_U_GateDriverAndPowerDevices2 Pin=R31_U_GateDriverAndPowerDevices2-1
Added Net: Name=GH_U_GateDriverAndPowerDevices2
Added Pin To Net: NetName=GL_U_GateDriverAndPowerDevices1 Pin=R29_U_GateDriverAndPowerDevices1-2
Added Pin To Net: NetName=GL_U_GateDriverAndPowerDevices1 Pin=R32_U_GateDriverAndPowerDevices1-1
Added Pin To Net: NetName=GL_U_GateDriverAndPowerDevices1 Pin=R33_U_GateDriverAndPowerDevices1-1
Added Net: Name=GL_U_GateDriverAndPowerDevices1
Added Pin To Net: NetName=GL_U_GateDriverAndPowerDevices2 Pin=R29_U_GateDriverAndPowerDevices2-2
Added Pin To Net: NetName=GL_U_GateDriverAndPowerDevices2 Pin=R32_U_GateDriverAndPowerDevices2-1
Added Pin To Net: NetName=GL_U_GateDriverAndPowerDevices2 Pin=R33_U_GateDriverAndPowerDevices2-1
Added Net: Name=GL_U_GateDriverAndPowerDevices2
Added Pin To Net: NetName=GND Pin=C12_U_GateDriverAndPowerDevices1-2
Added Pin To Net: NetName=GND Pin=C12_U_GateDriverAndPowerDevices2-2
Added Pin To Net: NetName=GND Pin=C14_U_GateDriverAndPowerDevices1-2
Added Pin To Net: NetName=GND Pin=C14_U_GateDriverAndPowerDevices2-2
Added Pin To Net: NetName=GND Pin=C16_U_GateDriverAndPowerDevices1-1
Added Pin To Net: NetName=GND Pin=C16_U_GateDriverAndPowerDevices2-1
Added Pin To Net: NetName=GND Pin=C17_U_GateDriverAndPowerDevices1-1
Added Pin To Net: NetName=GND Pin=C17_U_GateDriverAndPowerDevices2-1
Added Pin To Net: NetName=GND Pin=C18_U_GateDriverAndPowerDevices1-1
Added Pin To Net: NetName=GND Pin=C18_U_GateDriverAndPowerDevices2-1
Added Pin To Net: NetName=GND Pin=C19_U_GateDriverAndPowerDevices1-1
Added Pin To Net: NetName=GND Pin=C19_U_GateDriverAndPowerDevices2-1
Added Pin To Net: NetName=GND Pin=C20_U_GateDriverAndPowerDevices1-1
Added Pin To Net: NetName=GND Pin=C20_U_GateDriverAndPowerDevices2-1
Added Pin To Net: NetName=GND Pin=C22_U_GateDriverAndPowerDevices1-2
Added Pin To Net: NetName=GND Pin=C22_U_GateDriverAndPowerDevices2-2
Added Pin To Net: NetName=GND Pin=C23_U_GateDriverAndPowerDevices1-2
Added Pin To Net: NetName=GND Pin=C23_U_GateDriverAndPowerDevices2-2
Added Pin To Net: NetName=GND Pin=C24_U_GateDriverAndPowerDevices1-2
Added Pin To Net: NetName=GND Pin=C24_U_GateDriverAndPowerDevices2-2
Added Pin To Net: NetName=GND Pin=C32-1
Added Pin To Net: NetName=GND Pin=C33-1
Added Pin To Net: NetName=GND Pin=C34-1
Added Pin To Net: NetName=GND Pin=C35-1
Added Pin To Net: NetName=GND Pin=C36-1
Added Pin To Net: NetName=GND Pin=C37-2
Added Pin To Net: NetName=GND Pin=C53-1
Added Pin To Net: NetName=GND Pin=C54-2
Added Pin To Net: NetName=GND Pin=C56-1
Added Pin To Net: NetName=GND Pin=C58-2
Added Pin To Net: NetName=GND Pin=P3-1
Added Pin To Net: NetName=GND Pin=P5-1
Added Pin To Net: NetName=GND Pin=Q4_U_GateDriverAndPowerDevices1-3
Added Pin To Net: NetName=GND Pin=Q4_U_GateDriverAndPowerDevices2-3
Added Pin To Net: NetName=GND Pin=Q8-1
Added Pin To Net: NetName=GND Pin=Q10-3
Added Pin To Net: NetName=GND Pin=Q12-3
Added Pin To Net: NetName=GND Pin=R49-1
Added Pin To Net: NetName=GND Pin=R56-1
Added Pin To Net: NetName=GND Pin=R58-1
Added Pin To Net: NetName=GND Pin=R61-1
Added Pin To Net: NetName=GND Pin=R62-1
Added Pin To Net: NetName=GND Pin=R63-1
Added Pin To Net: NetName=GND Pin=R64-1
Added Pin To Net: NetName=GND Pin=R65-1
Added Pin To Net: NetName=GND Pin=R66-1
Added Pin To Net: NetName=GND Pin=R84-2
Added Pin To Net: NetName=GND Pin=R86-1
Added Pin To Net: NetName=GND Pin=R87-1
Added Pin To Net: NetName=GND Pin=R88-1
Added Pin To Net: NetName=GND Pin=T2-3
Added Pin To Net: NetName=GND Pin=T3-4
Added Net: Name=GND
Added Pin To Net: NetName=H_SIG1 Pin=C23_U_GateDriverAndPowerDevices2-1
Added Pin To Net: NetName=H_SIG1 Pin=D20-1
Added Pin To Net: NetName=H_SIG1 Pin=R49-2
Added Pin To Net: NetName=H_SIG1 Pin=R49-3
Added Pin To Net: NetName=H_SIG1 Pin=R50-1
Added Net: Name=H_SIG1
Added Pin To Net: NetName=H_SIG2 Pin=C23_U_GateDriverAndPowerDevices1-1
Added Pin To Net: NetName=H_SIG2 Pin=D23-1
Added Pin To Net: NetName=H_SIG2 Pin=R54-2
Added Pin To Net: NetName=H_SIG2 Pin=R54-3
Added Pin To Net: NetName=H_SIG2 Pin=R57-1
Added Net: Name=H_SIG2
Added Pin To Net: NetName=HFOSC Pin=R58-2
Added Net: Name=HFOSC
Added Pin To Net: NetName=ICOIL Pin=C55-2
Added Pin To Net: NetName=ICOIL Pin=R82-2
Added Pin To Net: NetName=ICOIL Pin=R84-1
Added Pin To Net: NetName=ICOIL Pin=R85-1
Added Net: Name=ICOIL
Added Pin To Net: NetName=INTOSC Pin=P4-2
Added Net: Name=INTOSC
Added Pin To Net: NetName=L_SIG1 Pin=C22_U_GateDriverAndPowerDevices2-1
Added Pin To Net: NetName=L_SIG1 Pin=D21-1
Added Pin To Net: NetName=L_SIG1 Pin=R52-2
Added Pin To Net: NetName=L_SIG1 Pin=R52-3
Added Pin To Net: NetName=L_SIG1 Pin=R53-1
Added Net: Name=L_SIG1
Added Pin To Net: NetName=L_SIG2 Pin=C22_U_GateDriverAndPowerDevices1-1
Added Pin To Net: NetName=L_SIG2 Pin=D24-1
Added Pin To Net: NetName=L_SIG2 Pin=R59-2
Added Pin To Net: NetName=L_SIG2 Pin=R59-3
Added Pin To Net: NetName=L_SIG2 Pin=R60-1
Added Net: Name=L_SIG2
Added Pin To Net: NetName=LFOSC Pin=R62-2
Added Net: Name=LFOSC
Added Pin To Net: NetName=MOD Pin=D22-2
Added Pin To Net: NetName=MOD Pin=R51-1
Added Net: Name=MOD
Added Pin To Net: NetName=NCLR Pin=R51-2
Added Net: Name=NCLR
Added Pin To Net: NetName=NetC15_U_GateDriverAndPowerDevices1_1 Pin=C15_U_GateDriverAndPowerDevices1-1
Added Pin To Net: NetName=NetC15_U_GateDriverAndPowerDevices1_1 Pin=Q2_U_GateDriverAndPowerDevices1-2
Added Pin To Net: NetName=NetC15_U_GateDriverAndPowerDevices1_1 Pin=R26_U_GateDriverAndPowerDevices1-2
Added Net: Name=NetC15_U_GateDriverAndPowerDevices1_1
Added Pin To Net: NetName=NetC15_U_GateDriverAndPowerDevices1_2 Pin=C15_U_GateDriverAndPowerDevices1-2
Added Pin To Net: NetName=NetC15_U_GateDriverAndPowerDevices1_2 Pin=R26_U_GateDriverAndPowerDevices1-1
Added Pin To Net: NetName=NetC15_U_GateDriverAndPowerDevices1_2 Pin=R27_U_GateDriverAndPowerDevices1-2
Added Net: Name=NetC15_U_GateDriverAndPowerDevices1_2
Added Pin To Net: NetName=NetC15_U_GateDriverAndPowerDevices2_1 Pin=C15_U_GateDriverAndPowerDevices2-1
Added Pin To Net: NetName=NetC15_U_GateDriverAndPowerDevices2_1 Pin=Q2_U_GateDriverAndPowerDevices2-2
Added Pin To Net: NetName=NetC15_U_GateDriverAndPowerDevices2_1 Pin=R26_U_GateDriverAndPowerDevices2-2
Added Net: Name=NetC15_U_GateDriverAndPowerDevices2_1
Added Pin To Net: NetName=NetC15_U_GateDriverAndPowerDevices2_2 Pin=C15_U_GateDriverAndPowerDevices2-2
Added Pin To Net: NetName=NetC15_U_GateDriverAndPowerDevices2_2 Pin=R26_U_GateDriverAndPowerDevices2-1
Added Pin To Net: NetName=NetC15_U_GateDriverAndPowerDevices2_2 Pin=R27_U_GateDriverAndPowerDevices2-2
Added Net: Name=NetC15_U_GateDriverAndPowerDevices2_2
Added Pin To Net: NetName=NetC53_2 Pin=C53-2
Added Pin To Net: NetName=NetC53_2 Pin=D27-2
Added Pin To Net: NetName=NetC53_2 Pin=R49-2
Added Pin To Net: NetName=NetC53_2 Pin=R49-3
Added Pin To Net: NetName=NetC53_2 Pin=R82-1
Added Net: Name=NetC53_2
Added Pin To Net: NetName=NetC54_1 Pin=C54-1
Added Pin To Net: NetName=NetC54_1 Pin=D27-1
Added Pin To Net: NetName=NetC54_1 Pin=R86-2
Added Pin To Net: NetName=NetC54_1 Pin=T2-4
Added Pin To Net: NetName=NetC54_1 Pin=T3-3
Added Net: Name=NetC54_1
Added Pin To Net: NetName=NetC55_1 Pin=C55-1
Added Pin To Net: NetName=NetC55_1 Pin=Q8-3
Added Pin To Net: NetName=NetC55_1 Pin=R85-2
Added Net: Name=NetC55_1
Added Pin To Net: NetName=NetC57_1 Pin=C57-1
Added Pin To Net: NetName=NetC57_1 Pin=L5-1
Added Net: Name=NetC57_1
Added Pin To Net: NetName=NetC57_2 Pin=C57-2
Added Pin To Net: NetName=NetC57_2 Pin=Q9-2
Added Pin To Net: NetName=NetC57_2 Pin=Q9-3
Added Pin To Net: NetName=NetC57_2 Pin=Q10-1
Added Pin To Net: NetName=NetC57_2 Pin=R87-2
Added Net: Name=NetC57_2
Added Pin To Net: NetName=NetC59_1 Pin=C59-1
Added Pin To Net: NetName=NetC59_1 Pin=L8-1
Added Net: Name=NetC59_1
Added Pin To Net: NetName=NetC59_2 Pin=C59-2
Added Pin To Net: NetName=NetC59_2 Pin=Q11-2
Added Pin To Net: NetName=NetC59_2 Pin=Q11-3
Added Pin To Net: NetName=NetC59_2 Pin=Q12-1
Added Pin To Net: NetName=NetC59_2 Pin=R88-2
Added Net: Name=NetC59_2
Added Pin To Net: NetName=NetD15_U_GateDriverAndPowerDevices1_2 Pin=R27_U_GateDriverAndPowerDevices1-1
Added Pin To Net: NetName=NetD15_U_GateDriverAndPowerDevices1_2 Pin=R28_U_GateDriverAndPowerDevices1-1
Added Pin To Net: NetName=NetD15_U_GateDriverAndPowerDevices1_2 Pin=R29_U_GateDriverAndPowerDevices1-1
Added Net: Name=NetD15_U_GateDriverAndPowerDevices1_2
Added Pin To Net: NetName=NetD15_U_GateDriverAndPowerDevices2_2 Pin=R27_U_GateDriverAndPowerDevices2-1
Added Pin To Net: NetName=NetD15_U_GateDriverAndPowerDevices2_2 Pin=R28_U_GateDriverAndPowerDevices2-1
Added Pin To Net: NetName=NetD15_U_GateDriverAndPowerDevices2_2 Pin=R29_U_GateDriverAndPowerDevices2-1
Added Net: Name=NetD15_U_GateDriverAndPowerDevices2_2
Added Pin To Net: NetName=NetD20_2 Pin=D20-2
Added Pin To Net: NetName=NetD20_2 Pin=R49-1
Added Pin To Net: NetName=NetD20_2 Pin=R50-2
Added Net: Name=NetD20_2
Added Pin To Net: NetName=NetD21_2 Pin=D21-2
Added Pin To Net: NetName=NetD21_2 Pin=R52-1
Added Pin To Net: NetName=NetD21_2 Pin=R53-2
Added Net: Name=NetD21_2
Added Pin To Net: NetName=NetD23_2 Pin=D23-2
Added Pin To Net: NetName=NetD23_2 Pin=R54-1
Added Pin To Net: NetName=NetD23_2 Pin=R57-2
Added Net: Name=NetD23_2
Added Pin To Net: NetName=NetD24_2 Pin=D24-2
Added Pin To Net: NetName=NetD24_2 Pin=R59-1
Added Pin To Net: NetName=NetD24_2 Pin=R60-2
Added Net: Name=NetD24_2
Added Pin To Net: NetName=NetL3_2 Pin=L3-2
Added Pin To Net: NetName=NetL3_2 Pin=P7-2
Added Pin To Net: NetName=NetL3_2 Pin=P7-2
Added Pin To Net: NetName=NetL3_2 Pin=P7-2
Added Pin To Net: NetName=NetL3_2 Pin=T2-1
Added Pin To Net: NetName=NetL3_2 Pin=T3-1
Added Net: Name=NetL3_2
Added Pin To Net: NetName=NetL4_1 Pin=L4-1
Added Pin To Net: NetName=NetL4_1 Pin=L5-2
Added Net: Name=NetL4_1
Added Pin To Net: NetName=NetL7_1 Pin=L7-1
Added Pin To Net: NetName=NetL7_1 Pin=L8-2
Added Net: Name=NetL7_1
Added Pin To Net: NetName=NetQ2_U_GateDriverAndPowerDevices1_3 Pin=Q2_U_GateDriverAndPowerDevices1-3
Added Pin To Net: NetName=NetQ2_U_GateDriverAndPowerDevices1_3 Pin=R25_U_GateDriverAndPowerDevices1-2
Added Net: Name=NetQ2_U_GateDriverAndPowerDevices1_3
Added Pin To Net: NetName=NetQ2_U_GateDriverAndPowerDevices2_3 Pin=Q2_U_GateDriverAndPowerDevices2-3
Added Pin To Net: NetName=NetQ2_U_GateDriverAndPowerDevices2_3 Pin=R25_U_GateDriverAndPowerDevices2-2
Added Net: Name=NetQ2_U_GateDriverAndPowerDevices2_3
Added Pin To Net: NetName=NetQ3_U_GateDriverAndPowerDevices1_2 Pin=Q3_U_GateDriverAndPowerDevices1-2
Added Pin To Net: NetName=NetQ3_U_GateDriverAndPowerDevices1_2 Pin=R30_U_GateDriverAndPowerDevices1-2
Added Pin To Net: NetName=NetQ3_U_GateDriverAndPowerDevices1_2 Pin=R31_U_GateDriverAndPowerDevices1-2
Added Net: Name=NetQ3_U_GateDriverAndPowerDevices1_2
Added Pin To Net: NetName=NetQ3_U_GateDriverAndPowerDevices2_2 Pin=Q3_U_GateDriverAndPowerDevices2-2
Added Pin To Net: NetName=NetQ3_U_GateDriverAndPowerDevices2_2 Pin=R30_U_GateDriverAndPowerDevices2-2
Added Pin To Net: NetName=NetQ3_U_GateDriverAndPowerDevices2_2 Pin=R31_U_GateDriverAndPowerDevices2-2
Added Net: Name=NetQ3_U_GateDriverAndPowerDevices2_2
Added Pin To Net: NetName=NetQ4_U_GateDriverAndPowerDevices1_2 Pin=Q4_U_GateDriverAndPowerDevices1-2
Added Pin To Net: NetName=NetQ4_U_GateDriverAndPowerDevices1_2 Pin=R32_U_GateDriverAndPowerDevices1-2
Added Pin To Net: NetName=NetQ4_U_GateDriverAndPowerDevices1_2 Pin=R33_U_GateDriverAndPowerDevices1-2
Added Net: Name=NetQ4_U_GateDriverAndPowerDevices1_2
Added Pin To Net: NetName=NetQ4_U_GateDriverAndPowerDevices2_2 Pin=Q4_U_GateDriverAndPowerDevices2-2
Added Pin To Net: NetName=NetQ4_U_GateDriverAndPowerDevices2_2 Pin=R32_U_GateDriverAndPowerDevices2-2
Added Pin To Net: NetName=NetQ4_U_GateDriverAndPowerDevices2_2 Pin=R33_U_GateDriverAndPowerDevices2-2
Added Net: Name=NetQ4_U_GateDriverAndPowerDevices2_2
Added Pin To Net: NetName=NetR55_1 Pin=R55-1
Added Pin To Net: NetName=NetR55_1 Pin=R56-2
Added Net: Name=NetR55_1
Added Pin To Net: NetName=NetR61_2 Pin=R61-2
Added Net: Name=NetR61_2
Added Pin To Net: NetName=NetR63_2 Pin=R63-2
Added Net: Name=NetR63_2
Added Pin To Net: NetName=NetR64_2 Pin=R64-2
Added Net: Name=NetR64_2
Added Pin To Net: NetName=NetR65_2 Pin=R65-2
Added Net: Name=NetR65_2
Added Pin To Net: NetName=NetR66_2 Pin=R66-2
Added Net: Name=NetR66_2
Added Pin To Net: NetName=NSD Pin=D22-1
Added Net: Name=NSD
Added Pin To Net: NetName=OOK M Pin=C37-1
Added Pin To Net: NetName=OOK M Pin=P5-2
Added Pin To Net: NetName=OOK M Pin=R67-1
Added Net: Name=OOK M
Added Pin To Net: NetName=OSC Pin=P3-2
Added Pin To Net: NetName=OSC Pin=P4-1
Added Net: Name=OSC
Added Pin To Net: NetName=OUT_U_GateDriverAndPowerDevices1 Pin=C13_U_GateDriverAndPowerDevices1-2
Added Pin To Net: NetName=OUT_U_GateDriverAndPowerDevices1 Pin=C21_U_GateDriverAndPowerDevices1-2
Added Pin To Net: NetName=OUT_U_GateDriverAndPowerDevices1 Pin=C58-1
Added Pin To Net: NetName=OUT_U_GateDriverAndPowerDevices1 Pin=L6-2
Added Pin To Net: NetName=OUT_U_GateDriverAndPowerDevices1 Pin=L7-2
Added Pin To Net: NetName=OUT_U_GateDriverAndPowerDevices1 Pin=P7-1
Added Pin To Net: NetName=OUT_U_GateDriverAndPowerDevices1 Pin=Q3_U_GateDriverAndPowerDevices1-3
Added Pin To Net: NetName=OUT_U_GateDriverAndPowerDevices1 Pin=Q4_U_GateDriverAndPowerDevices1-1
Added Net: Name=OUT_U_GateDriverAndPowerDevices1
Added Pin To Net: NetName=OUT_U_GateDriverAndPowerDevices2 Pin=C13_U_GateDriverAndPowerDevices2-2
Added Pin To Net: NetName=OUT_U_GateDriverAndPowerDevices2 Pin=C21_U_GateDriverAndPowerDevices2-2
Added Pin To Net: NetName=OUT_U_GateDriverAndPowerDevices2 Pin=L3-1
Added Pin To Net: NetName=OUT_U_GateDriverAndPowerDevices2 Pin=L4-2
Added Pin To Net: NetName=OUT_U_GateDriverAndPowerDevices2 Pin=L6-1
Added Pin To Net: NetName=OUT_U_GateDriverAndPowerDevices2 Pin=Q3_U_GateDriverAndPowerDevices2-3
Added Pin To Net: NetName=OUT_U_GateDriverAndPowerDevices2 Pin=Q4_U_GateDriverAndPowerDevices2-1
Added Pin To Net: NetName=OUT_U_GateDriverAndPowerDevices2 Pin=T2-2
Added Pin To Net: NetName=OUT_U_GateDriverAndPowerDevices2 Pin=T3-2
Added Net: Name=OUT_U_GateDriverAndPowerDevices2
Added Pin To Net: NetName=QIMODE Pin=C56-2
Added Pin To Net: NetName=QIMODE Pin=Q8-2
Added Net: Name=QIMODE
Added Pin To Net: NetName=VAMP Pin=C16_U_GateDriverAndPowerDevices1-2
Added Pin To Net: NetName=VAMP Pin=C16_U_GateDriverAndPowerDevices2-2
Added Pin To Net: NetName=VAMP Pin=C17_U_GateDriverAndPowerDevices1-2
Added Pin To Net: NetName=VAMP Pin=C17_U_GateDriverAndPowerDevices2-2
Added Pin To Net: NetName=VAMP Pin=C18_U_GateDriverAndPowerDevices1-2
Added Pin To Net: NetName=VAMP Pin=C18_U_GateDriverAndPowerDevices2-2
Added Pin To Net: NetName=VAMP Pin=C19_U_GateDriverAndPowerDevices1-2
Added Pin To Net: NetName=VAMP Pin=C19_U_GateDriverAndPowerDevices2-2
Added Pin To Net: NetName=VAMP Pin=C20_U_GateDriverAndPowerDevices1-2
Added Pin To Net: NetName=VAMP Pin=C20_U_GateDriverAndPowerDevices2-2
Added Pin To Net: NetName=VAMP Pin=Q3_U_GateDriverAndPowerDevices1-1
Added Pin To Net: NetName=VAMP Pin=Q3_U_GateDriverAndPowerDevices2-1
Added Pin To Net: NetName=VAMP Pin=Q9-1
Added Pin To Net: NetName=VAMP Pin=Q11-1
Added Net: Name=VAMP
Added Class: Name=Resonance-AA0
Added Class: Name=U_GateDriverAndPowerDevices1
Added Class: Name=U_GateDriverAndPowerDevices2
Added Class: Name=U_Oscillating
Added Class: Name=GateDriverAndPowerDevices
Added Room: Name=Resonance-AA0
Added Room: Name=U_GateDriverAndPowerDevices1
Added Room: Name=U_GateDriverAndPowerDevices2
Added Room: Name=U_Oscillating
