Added Component: Designator=C1_UR1(0603)
Added Component: Designator=C1_UR2(0603)
Added Component: Designator=C2_UR1(0603)
Added Component: Designator=C2_UR2(0603)
Added Component: Designator=C3_UR1(0603)
Added Component: Designator=C3_UR2(0603)
Added Component: Designator=C4_UR1(0603)
Added Component: Designator=C4_UR2(0603)
Added Component: Designator=C5_UR1(0603)
Added Component: Designator=C5_UR2(0603)
Added Component: Designator=C6_UR1(0603)
Added Component: Designator=C6_UR2(0603)
Added Component: Designator=C7_UR1(0603)
Added Component: Designator=C7_UR2(0603)
Added Component: Designator=C8_UR1(0603)
Added Component: Designator=C8_UR2(0603)
Added Component: Designator=C9_UR1(0603)
Added Component: Designator=C9_UR2(0603)
Added Component: Designator=C10_UR1(0603)
Added Component: Designator=C10_UR2(0603)
Added Component: Designator=C11_UR1(0603)
Added Component: Designator=C11_UR2(0603)
Added Component: Designator=C12_UR1(0603)
Added Component: Designator=C12_UR2(0603)
Added Component: Designator=C13_UR1(0603)
Added Component: Designator=C13_UR2(0603)
Added Component: Designator=C14(0603)
Added Component: Designator=C15(0603)
Added Component: Designator=C16(0603)
Added Component: Designator=C17(0603)
Added Component: Designator=C18(0603)
Added Component: Designator=C19(0603)
Added Component: Designator=C20(0603)
Added Component: Designator=C21(0603)
Added Component: Designator=C22(0603)
Added Component: Designator=C23(0603)
Added Component: Designator=C24(0603)
Added Component: Designator=C25(0603)
Added Component: Designator=C26(0603)
Added Component: Designator=D1_UR1(SMA)
Added Component: Designator=D1_UR2(SMA)
Added Component: Designator=D2_UR1(SMA)
Added Component: Designator=D2_UR2(SMA)
Added Component: Designator=D3_UR1(SMA)
Added Component: Designator=D3_UR2(SMA)
Added Component: Designator=D4_UR1(SMC)
Added Component: Designator=D4_UR2(SMC)
Added Component: Designator=D5(SMA)
Added Component: Designator=D6(SMA)
Added Component: Designator=D7(SMA)
Added Component: Designator=D8(SMA)
Added Component: Designator=D9(SMA)
Added Component: Designator=D10(SMC)
Added Component: Designator=L1(0402-A)
Added Component: Designator=L2(0402-A)
Added Component: Designator=L3(0402-A)
Added Component: Designator=L4(0402-A)
Added Component: Designator=L5(0402-A)
Added Component: Designator=L6(0402-A)
Added Component: Designator=P1(HDR1X2)
Added Component: Designator=P1(HDR1X2)
Added Component: Designator=P2(HDR1X2)
Added Component: Designator=P4(BNC_RA CON)
Added Component: Designator=Q1_UR1(E3)
Added Component: Designator=Q1_UR2(E3)
Added Component: Designator=Q2_UR1(E3)
Added Component: Designator=Q2_UR2(E3)
Added Component: Designator=Q3_UR1(E3)
Added Component: Designator=Q3_UR2(E3)
Added Component: Designator=Q4(E3)
Added Component: Designator=Q5(E3)
Added Component: Designator=Q6(E3)
Added Component: Designator=Q7(E3)
Added Component: Designator=Q8(E3)
Added Component: Designator=R1_UR1(0603)
Added Component: Designator=R1_UR2(0603)
Added Component: Designator=R2_UR1(0603)
Added Component: Designator=R2_UR2(0603)
Added Component: Designator=R3_UR1(0603)
Added Component: Designator=R3_UR2(0603)
Added Component: Designator=R4_UR1(0603)
Added Component: Designator=R4_UR2(0603)
Added Component: Designator=R5_UR1(0603)
Added Component: Designator=R5_UR2(0603)
Added Component: Designator=R6_UR1(0603)
Added Component: Designator=R6_UR2(0603)
Added Component: Designator=R7_UR1(0603)
Added Component: Designator=R7_UR2(0603)
Added Component: Designator=R8_UR1(0603)
Added Component: Designator=R8_UR2(0603)
Added Component: Designator=R9_UR1(0603)
Added Component: Designator=R9_UR2(0603)
Added Component: Designator=R10(VR5)
Added Component: Designator=R11(0603)
Added Component: Designator=R13(VR5)
Added Component: Designator=R14(0603)
Added Component: Designator=R15(VR5)
Added Component: Designator=R16(0603)
Added Component: Designator=R17(0603)
Added Component: Designator=R18(0603)
Added Component: Designator=R19(0603)
Added Component: Designator=R20(VR5)
Added Component: Designator=R21(0603)
Added Component: Designator=R22(0603)
Added Component: Designator=R23(0603)
Added Component: Designator=R24(0603)
Added Component: Designator=R25(0603)
Added Component: Designator=R26(0603)
Added Component: Designator=R27(0603)
Added Component: Designator=R28(0603)
Added Component: Designator=R29(AXIAL-0.3)
Added Component: Designator=R30(VR5)
Added Component: Designator=R31(AXIAL-0.3)
Added Component: Designator=R32(AXIAL-0.3)
Added Component: Designator=R33(AXIAL-0.3)
Added Component: Designator=R34(AXIAL-0.3)
Added Component: Designator=R35(AXIAL-0.3)
Added Component: Designator=T1(TRF_4)
Added Component: Designator=T2(TRF_4)
Added Component: Designator=U1_UR1(QFN80P400X400X80-10N)
Added Component: Designator=U1_UR2(QFN80P400X400X80-10N)
Added Component: Designator=U2(SO-14)
Added Component: Designator=U3(SO-14)
Added Component: Designator=U4(TSOP65P220X100-6N)
Added Component: Designator=U5(SOT192P240X120-4N)
Added Component: Designator=U6(TSOP65P490X100-8N)
Added Component: Designator=U7(SO-14)
Added Pin To Net: NetName=5V Pin=C1_UR1-1
Added Pin To Net: NetName=GND Pin=C1_UR1-2
Added Pin To Net: NetName=5V Pin=C1_UR2-1
Added Pin To Net: NetName=GND Pin=C1_UR2-2
Added Pin To Net: NetName=5VHS_UR1 Pin=C2_UR1-1
Added Pin To Net: NetName=OUT_UR1 Pin=C2_UR1-2
Added Pin To Net: NetName=5VHS_UR2 Pin=C2_UR2-1
Added Pin To Net: NetName=OUT_UR2 Pin=C2_UR2-2
Added Pin To Net: NetName=4.7V_UR1 Pin=C3_UR1-1
Added Pin To Net: NetName=GND Pin=C3_UR1-2
Added Pin To Net: NetName=4.7V_UR2 Pin=C3_UR2-1
Added Pin To Net: NetName=GND Pin=C3_UR2-2
Added Pin To Net: NetName=NetC4_UR1_1 Pin=C4_UR1-1
Added Pin To Net: NetName=NetC4_UR1_2 Pin=C4_UR1-2
Added Pin To Net: NetName=NetC4_UR2_1 Pin=C4_UR2-1
Added Pin To Net: NetName=NetC4_UR2_2 Pin=C4_UR2-2
Added Pin To Net: NetName=GND Pin=C5_UR1-1
Added Pin To Net: NetName=VAMP Pin=C5_UR1-2
Added Pin To Net: NetName=GND Pin=C5_UR2-1
Added Pin To Net: NetName=VAMP Pin=C5_UR2-2
Added Pin To Net: NetName=GND Pin=C6_UR1-1
Added Pin To Net: NetName=VAMP Pin=C6_UR1-2
Added Pin To Net: NetName=GND Pin=C6_UR2-1
Added Pin To Net: NetName=VAMP Pin=C6_UR2-2
Added Pin To Net: NetName=GND Pin=C7_UR1-1
Added Pin To Net: NetName=VAMP Pin=C7_UR1-2
Added Pin To Net: NetName=GND Pin=C7_UR2-1
Added Pin To Net: NetName=VAMP Pin=C7_UR2-2
Added Pin To Net: NetName=GND Pin=C8_UR1-1
Added Pin To Net: NetName=VAMP Pin=C8_UR1-2
Added Pin To Net: NetName=GND Pin=C8_UR2-1
Added Pin To Net: NetName=VAMP Pin=C8_UR2-2
Added Pin To Net: NetName=GND Pin=C9_UR1-1
Added Pin To Net: NetName=VAMP Pin=C9_UR1-2
Added Pin To Net: NetName=GND Pin=C9_UR2-1
Added Pin To Net: NetName=VAMP Pin=C9_UR2-2
Added Pin To Net: NetName=5VHS_UR1 Pin=C10_UR1-1
Added Pin To Net: NetName=OUT_UR1 Pin=C10_UR1-2
Added Pin To Net: NetName=5VHS_UR2 Pin=C10_UR2-1
Added Pin To Net: NetName=OUT_UR2 Pin=C10_UR2-2
Added Pin To Net: NetName=L_SIG1 Pin=C11_UR1-1
Added Pin To Net: NetName=GND Pin=C11_UR1-2
Added Pin To Net: NetName=L_SIG2 Pin=C11_UR2-1
Added Pin To Net: NetName=GND Pin=C11_UR2-2
Added Pin To Net: NetName=H_SIG1 Pin=C12_UR1-1
Added Pin To Net: NetName=GND Pin=C12_UR1-2
Added Pin To Net: NetName=H_SIG2 Pin=C12_UR2-1
Added Pin To Net: NetName=GND Pin=C12_UR2-2
Added Pin To Net: NetName=4.7V_UR1 Pin=C13_UR1-1
Added Pin To Net: NetName=GND Pin=C13_UR1-2
Added Pin To Net: NetName=4.7V_UR2 Pin=C13_UR2-1
Added Pin To Net: NetName=GND Pin=C13_UR2-2
Added Pin To Net: NetName=GND Pin=C14-1
Added Pin To Net: NetName=5V Pin=C14-2
Added Pin To Net: NetName=GND Pin=C15-1
Added Pin To Net: NetName=5V Pin=C15-2
Added Pin To Net: NetName=GND Pin=C16-1
Added Pin To Net: NetName=5V Pin=C16-2
Added Pin To Net: NetName=GND Pin=C17-1
Added Pin To Net: NetName=5V Pin=C17-2
Added Pin To Net: NetName=GND Pin=C18-1
Added Pin To Net: NetName=5V Pin=C18-2
Added Pin To Net: NetName=MOD Pin=C19-1
Added Pin To Net: NetName=GND Pin=C19-2
Added Pin To Net: NetName=GND Pin=C20-1
Added Pin To Net: NetName=NetC20_2 Pin=C20-2
Added Pin To Net: NetName=NetC21_1 Pin=C21-1
Added Pin To Net: NetName=GND Pin=C21-2
Added Pin To Net: NetName=NetC22_1 Pin=C22-1
Added Pin To Net: NetName=ICOIL Pin=C22-2
Added Pin To Net: NetName=GND Pin=C23-1
Added Pin To Net: NetName=QIMODE Pin=C23-2
Added Pin To Net: NetName=NetC24_1 Pin=C24-1
Added Pin To Net: NetName=NetC24_2 Pin=C24-2
Added Pin To Net: NetName=OUT_UR2 Pin=C25-1
Added Pin To Net: NetName=GND Pin=C25-2
Added Pin To Net: NetName=NetC26_1 Pin=C26-1
Added Pin To Net: NetName=NetC26_2 Pin=C26-2
Added Pin To Net: NetName=OUT_UR1 Pin=D1_UR1-1
Added Pin To Net: NetName=OUT_UR2 Pin=D1_UR2-1
Added Pin To Net: NetName=4.7V_UR1 Pin=D2_UR1-1
Added Pin To Net: NetName=NetC4_UR1_1 Pin=D2_UR1-2
Added Pin To Net: NetName=4.7V_UR2 Pin=D2_UR2-1
Added Pin To Net: NetName=NetC4_UR2_1 Pin=D2_UR2-2
Added Pin To Net: NetName=NetC4_UR1_2 Pin=D3_UR1-1
Added Pin To Net: NetName=NetD3_UR1_2 Pin=D3_UR1-2
Added Pin To Net: NetName=NetC4_UR2_2 Pin=D3_UR2-1
Added Pin To Net: NetName=NetD3_UR2_2 Pin=D3_UR2-2
Added Pin To Net: NetName=5V Pin=D4_UR1-1
Added Pin To Net: NetName=4.7V_UR1 Pin=D4_UR1-2
Added Pin To Net: NetName=5V Pin=D4_UR2-1
Added Pin To Net: NetName=4.7V_UR2 Pin=D4_UR2-2
Added Pin To Net: NetName=H_SIG1 Pin=D5-1
Added Pin To Net: NetName=NetD5_2 Pin=D5-2
Added Pin To Net: NetName=L_SIG1 Pin=D6-1
Added Pin To Net: NetName=NetD6_2 Pin=D6-2
Added Pin To Net: NetName=NSD Pin=D7-1
Added Pin To Net: NetName=MOD Pin=D7-2
Added Pin To Net: NetName=H_SIG2 Pin=D8-1
Added Pin To Net: NetName=NetD8_2 Pin=D8-2
Added Pin To Net: NetName=L_SIG2 Pin=D9-1
Added Pin To Net: NetName=NetD9_2 Pin=D9-2
Added Pin To Net: NetName=NetC21_1 Pin=D10-1
Added Pin To Net: NetName=NetC20_2 Pin=D10-2
Added Pin To Net: NetName=OUT_UR1 Pin=L1-1
Added Pin To Net: NetName=NetL1_2 Pin=L1-2
Added Pin To Net: NetName=NetL2_1 Pin=L2-1
Added Pin To Net: NetName=OUT_UR1 Pin=L2-2
Added Pin To Net: NetName=NetC24_1 Pin=L3-1
Added Pin To Net: NetName=NetL2_1 Pin=L3-2
Added Pin To Net: NetName=OUT_UR1 Pin=L4-1
Added Pin To Net: NetName=OUT_UR2 Pin=L4-2
Added Pin To Net: NetName=NetL5_1 Pin=L5-1
Added Pin To Net: NetName=OUT_UR2 Pin=L5-2
Added Pin To Net: NetName=NetC26_1 Pin=L6-1
Added Pin To Net: NetName=NetL5_1 Pin=L6-2
Added Pin To Net: NetName=GND Pin=P1-1
Added Pin To Net: NetName=NCLR Pin=P1-1
Added Pin To Net: NetName=MOD Pin=P1-2
Added Pin To Net: NetName=OSC Pin=P1-2
Added Pin To Net: NetName=OSC Pin=P2-1
Added Pin To Net: NetName=INTOSC Pin=P2-2
Added Pin To Net: NetName=OUT_UR2 Pin=P4-1
Added Pin To Net: NetName=NetL1_2 Pin=P4-2
Added Pin To Net: NetName=NetL1_2 Pin=P4-2
Added Pin To Net: NetName=NetL1_2 Pin=P4-2
Added Pin To Net: NetName=5V Pin=Q1_UR1-1
Added Pin To Net: NetName=NetC4_UR1_1 Pin=Q1_UR1-2
Added Pin To Net: NetName=NetQ1_UR1_3 Pin=Q1_UR1-3
Added Pin To Net: NetName=5V Pin=Q1_UR2-1
Added Pin To Net: NetName=NetC4_UR2_1 Pin=Q1_UR2-2
Added Pin To Net: NetName=NetQ1_UR2_3 Pin=Q1_UR2-3
Added Pin To Net: NetName=VAMP Pin=Q2_UR1-1
Added Pin To Net: NetName=NetQ2_UR1_2 Pin=Q2_UR1-2
Added Pin To Net: NetName=OUT_UR1 Pin=Q2_UR1-3
Added Pin To Net: NetName=VAMP Pin=Q2_UR2-1
Added Pin To Net: NetName=NetQ2_UR2_2 Pin=Q2_UR2-2
Added Pin To Net: NetName=OUT_UR2 Pin=Q2_UR2-3
Added Pin To Net: NetName=OUT_UR1 Pin=Q3_UR1-1
Added Pin To Net: NetName=NetQ3_UR1_2 Pin=Q3_UR1-2
Added Pin To Net: NetName=GND Pin=Q3_UR1-3
Added Pin To Net: NetName=OUT_UR2 Pin=Q3_UR2-1
Added Pin To Net: NetName=NetQ3_UR2_2 Pin=Q3_UR2-2
Added Pin To Net: NetName=GND Pin=Q3_UR2-3
Added Pin To Net: NetName=GND Pin=Q4-1
Added Pin To Net: NetName=QIMODE Pin=Q4-2
Added Pin To Net: NetName=NetC22_1 Pin=Q4-3
Added Pin To Net: NetName=VAMP Pin=Q5-1
Added Pin To Net: NetName=NetC24_2 Pin=Q5-2
Added Pin To Net: NetName=NetC24_2 Pin=Q5-3
Added Pin To Net: NetName=NetC24_2 Pin=Q6-1
Added Pin To Net: NetName=A4WPMODE Pin=Q6-2
Added Pin To Net: NetName=GND Pin=Q6-3
Added Pin To Net: NetName=VAMP Pin=Q7-1
Added Pin To Net: NetName=NetC26_2 Pin=Q7-2
Added Pin To Net: NetName=NetC26_2 Pin=Q7-3
Added Pin To Net: NetName=NetC26_2 Pin=Q8-1
Added Pin To Net: NetName=A4WPMODE Pin=Q8-2
Added Pin To Net: NetName=GND Pin=Q8-3
Added Pin To Net: NetName=5VHS_UR1 Pin=R1_UR1-1
Added Pin To Net: NetName=NetQ1_UR1_3 Pin=R1_UR1-2
Added Pin To Net: NetName=5VHS_UR2 Pin=R1_UR2-1
Added Pin To Net: NetName=NetQ1_UR2_3 Pin=R1_UR2-2
Added Pin To Net: NetName=NetC4_UR1_2 Pin=R2_UR1-1
Added Pin To Net: NetName=NetC4_UR1_1 Pin=R2_UR1-2
Added Pin To Net: NetName=NetC4_UR2_2 Pin=R2_UR2-1
Added Pin To Net: NetName=NetC4_UR2_1 Pin=R2_UR2-2
Added Pin To Net: NetName=NetD3_UR1_2 Pin=R3_UR1-1
Added Pin To Net: NetName=NetC4_UR1_2 Pin=R3_UR1-2
Added Pin To Net: NetName=NetD3_UR2_2 Pin=R3_UR2-1
Added Pin To Net: NetName=NetC4_UR2_2 Pin=R3_UR2-2
Added Pin To Net: NetName=NetD3_UR1_2 Pin=R4_UR1-1
Added Pin To Net: NetName=GH_UR1 Pin=R4_UR1-2
Added Pin To Net: NetName=NetD3_UR2_2 Pin=R4_UR2-1
Added Pin To Net: NetName=GH_UR2 Pin=R4_UR2-2
Added Pin To Net: NetName=NetD3_UR1_2 Pin=R5_UR1-1
Added Pin To Net: NetName=GL_UR1 Pin=R5_UR1-2
Added Pin To Net: NetName=NetD3_UR2_2 Pin=R5_UR2-1
Added Pin To Net: NetName=GL_UR2 Pin=R5_UR2-2
Added Pin To Net: NetName=GH_UR1 Pin=R6_UR1-1
Added Pin To Net: NetName=NetQ2_UR1_2 Pin=R6_UR1-2
Added Pin To Net: NetName=GH_UR2 Pin=R6_UR2-1
Added Pin To Net: NetName=NetQ2_UR2_2 Pin=R6_UR2-2
Added Pin To Net: NetName=GH_UR1 Pin=R7_UR1-1
Added Pin To Net: NetName=NetQ2_UR1_2 Pin=R7_UR1-2
Added Pin To Net: NetName=GH_UR2 Pin=R7_UR2-1
Added Pin To Net: NetName=NetQ2_UR2_2 Pin=R7_UR2-2
Added Pin To Net: NetName=GL_UR1 Pin=R8_UR1-1
Added Pin To Net: NetName=NetQ3_UR1_2 Pin=R8_UR1-2
Added Pin To Net: NetName=GL_UR2 Pin=R8_UR2-1
Added Pin To Net: NetName=NetQ3_UR2_2 Pin=R8_UR2-2
Added Pin To Net: NetName=GL_UR1 Pin=R9_UR1-1
Added Pin To Net: NetName=NetQ3_UR1_2 Pin=R9_UR1-2
Added Pin To Net: NetName=GL_UR2 Pin=R9_UR2-1
Added Pin To Net: NetName=NetQ3_UR2_2 Pin=R9_UR2-2
Added Pin To Net: NetName=NetD5_2 Pin=R10-1
Added Pin To Net: NetName=H_SIG1 Pin=R10-2
Added Pin To Net: NetName=H_SIG1 Pin=R10-3
Added Pin To Net: NetName=H_SIG1 Pin=R11-1
Added Pin To Net: NetName=NetD5_2 Pin=R11-2
Added Pin To Net: NetName=NetD6_2 Pin=R13-1
Added Pin To Net: NetName=L_SIG1 Pin=R13-2
Added Pin To Net: NetName=L_SIG1 Pin=R13-3
Added Pin To Net: NetName=L_SIG1 Pin=R14-1
Added Pin To Net: NetName=NetD6_2 Pin=R14-2
Added Pin To Net: NetName=NetD8_2 Pin=R15-1
Added Pin To Net: NetName=H_SIG2 Pin=R15-2
Added Pin To Net: NetName=H_SIG2 Pin=R15-3
Added Pin To Net: NetName=NetR16_1 Pin=R16-1
Added Pin To Net: NetName=5V Pin=R16-2
Added Pin To Net: NetName=GND Pin=R17-1
Added Pin To Net: NetName=NetR16_1 Pin=R17-2
Added Pin To Net: NetName=H_SIG2 Pin=R18-1
Added Pin To Net: NetName=NetD8_2 Pin=R18-2
Added Pin To Net: NetName=GND Pin=R19-1
Added Pin To Net: NetName=HFOSC Pin=R19-2
Added Pin To Net: NetName=NetD9_2 Pin=R20-1
Added Pin To Net: NetName=L_SIG2 Pin=R20-2
Added Pin To Net: NetName=L_SIG2 Pin=R20-3
Added Pin To Net: NetName=L_SIG2 Pin=R21-1
Added Pin To Net: NetName=NetD9_2 Pin=R21-2
Added Pin To Net: NetName=GND Pin=R22-1
Added Pin To Net: NetName=NetR22_2 Pin=R22-2
Added Pin To Net: NetName=GND Pin=R23-1
Added Pin To Net: NetName=LFOSC Pin=R23-2
Added Pin To Net: NetName=GND Pin=R24-1
Added Pin To Net: NetName=NetR24_2 Pin=R24-2
Added Pin To Net: NetName=GND Pin=R25-1
Added Pin To Net: NetName=NetR25_2 Pin=R25-2
Added Pin To Net: NetName=GND Pin=R26-1
Added Pin To Net: NetName=NetR26_2 Pin=R26-2
Added Pin To Net: NetName=GND Pin=R27-1
Added Pin To Net: NetName=NetR27_2 Pin=R27-2
Added Pin To Net: NetName=MOD Pin=R28-1
Added Pin To Net: NetName=5V Pin=R28-2
Added Pin To Net: NetName=NetC20_2 Pin=R29-1
Added Pin To Net: NetName=ICOIL Pin=R29-2
Added Pin To Net: NetName=GND Pin=R30-1
Added Pin To Net: NetName=NetC20_2 Pin=R30-2
Added Pin To Net: NetName=NetC20_2 Pin=R30-3
Added Pin To Net: NetName=ICOIL Pin=R31-1
Added Pin To Net: NetName=GND Pin=R31-2
Added Pin To Net: NetName=ICOIL Pin=R32-1
Added Pin To Net: NetName=NetC22_1 Pin=R32-2
Added Pin To Net: NetName=GND Pin=R33-1
Added Pin To Net: NetName=NetC21_1 Pin=R33-2
Added Pin To Net: NetName=GND Pin=R34-1
Added Pin To Net: NetName=NetC24_2 Pin=R34-2
Added Pin To Net: NetName=GND Pin=R35-1
Added Pin To Net: NetName=NetC26_2 Pin=R35-2
Added Pin To Net: NetName=NetL1_2 Pin=T1-1
Added Pin To Net: NetName=OUT_UR1 Pin=T1-2
Added Pin To Net: NetName=GND Pin=T1-3
Added Pin To Net: NetName=NetC21_1 Pin=T1-4
Added Pin To Net: NetName=NetL1_2 Pin=T2-1
Added Pin To Net: NetName=OUT_UR1 Pin=T2-2
Added Pin To Net: NetName=NetC21_1 Pin=T2-3
Added Pin To Net: NetName=GND Pin=T2-4
Added Pin To Net: NetName=4.7V_UR1 Pin=U1_UR1-1
Added Pin To Net: NetName=5VHS_UR1 Pin=U1_UR1-2
Added Pin To Net: NetName=GH_UR1 Pin=U1_UR1-3
Added Pin To Net: NetName=GH_UR1 Pin=U1_UR1-4
Added Pin To Net: NetName=OUT_UR1 Pin=U1_UR1-5
Added Pin To Net: NetName=H_SIG1 Pin=U1_UR1-6
Added Pin To Net: NetName=L_SIG1 Pin=U1_UR1-7
Added Pin To Net: NetName=GND Pin=U1_UR1-8
Added Pin To Net: NetName=GL_UR1 Pin=U1_UR1-9
Added Pin To Net: NetName=GL_UR1 Pin=U1_UR1-10
Added Pin To Net: NetName=GND Pin=U1_UR1-11
Added Pin To Net: NetName=4.7V_UR2 Pin=U1_UR2-1
Added Pin To Net: NetName=5VHS_UR2 Pin=U1_UR2-2
Added Pin To Net: NetName=GH_UR2 Pin=U1_UR2-3
Added Pin To Net: NetName=GH_UR2 Pin=U1_UR2-4
Added Pin To Net: NetName=OUT_UR2 Pin=U1_UR2-5
Added Pin To Net: NetName=H_SIG2 Pin=U1_UR2-6
Added Pin To Net: NetName=L_SIG2 Pin=U1_UR2-7
Added Pin To Net: NetName=GND Pin=U1_UR2-8
Added Pin To Net: NetName=GL_UR2 Pin=U1_UR2-9
Added Pin To Net: NetName=GL_UR2 Pin=U1_UR2-10
Added Pin To Net: NetName=GND Pin=U1_UR2-11
Added Pin To Net: NetName=NSD Pin=U2-4
Added Pin To Net: NetName=OSC Pin=U2-5
Added Pin To Net: NetName=NetD9_2 Pin=U2-6
Added Pin To Net: NetName=MOD Pin=U3-1
Added Pin To Net: NetName=OSC Pin=U3-2
Added Pin To Net: NetName=NetD5_2 Pin=U3-3
Added Pin To Net: NetName=NSD Pin=U3-4
Added Pin To Net: NetName=OSC Pin=U3-5
Added Pin To Net: NetName=NetD8_2 Pin=U3-6
Added Pin To Net: NetName=GND Pin=U3-7
Added Pin To Net: NetName=5V Pin=U3-14
Added Pin To Net: NetName=HFOSC Pin=U4-1
Added Pin To Net: NetName=GND Pin=U4-2
Added Pin To Net: NetName=LFOSC Pin=U4-3
Added Pin To Net: NetName=INTOSC Pin=U4-4
Added Pin To Net: NetName=5V Pin=U4-5
Added Pin To Net: NetName=A4WPMODE Pin=U4-6
Added Pin To Net: NetName=NetR16_1 Pin=U5-1
Added Pin To Net: NetName=GND Pin=U5-2
Added Pin To Net: NetName=HFOSC Pin=U5-3
Added Pin To Net: NetName=5V Pin=U5-4
Added Pin To Net: NetName=LFOSC Pin=U6-1
Added Pin To Net: NetName=NetR22_2 Pin=U6-2
Added Pin To Net: NetName=5V Pin=U6-3
Added Pin To Net: NetName=GND Pin=U6-4
Added Pin To Net: NetName=NetR26_2 Pin=U6-5
Added Pin To Net: NetName=NetR27_2 Pin=U6-6
Added Pin To Net: NetName=NetR24_2 Pin=U6-7
Added Pin To Net: NetName=NetR25_2 Pin=U6-8
Added Pin To Net: NetName=MOD Pin=U7-1
Added Pin To Net: NetName=OSC Pin=U7-2
Added Pin To Net: NetName=NetD6_2 Pin=U7-3
Added Pin To Net: NetName=GND Pin=U7-7
Added Pin To Net: NetName=5V Pin=U7-14
Added Member To Class: ClassName=UR1 Member=Component C1_UR1 (C1) 100n/25V
Added Member To Class: ClassName=UR2 Member=Component C1_UR2 (C1) 100n/25V
Added Member To Class: ClassName=UR1 Member=Component C2_UR1 (C2) 100n/25V
Added Member To Class: ClassName=UR2 Member=Component C2_UR2 (C2) 100n/25V
Added Member To Class: ClassName=UR1 Member=Component C3_UR1 (C3) 100n/25V
Added Member To Class: ClassName=UR2 Member=Component C3_UR2 (C3) 100n/25V
Added Member To Class: ClassName=UR1 Member=Component C4_UR1 (C4) 22n/25V
Added Member To Class: ClassName=UR2 Member=Component C4_UR2 (C4) 22n/25V
Added Member To Class: ClassName=UR1 Member=Component C5_UR1 (C5) 1u/10V
Added Member To Class: ClassName=UR2 Member=Component C5_UR2 (C5) 1u/10V
Added Member To Class: ClassName=UR1 Member=Component C6_UR1 (C6) 1u/10V
Added Member To Class: ClassName=UR2 Member=Component C6_UR2 (C6) 1u/10V
Added Member To Class: ClassName=UR1 Member=Component C7_UR1 (C7) 1u/10V
Added Member To Class: ClassName=UR2 Member=Component C7_UR2 (C7) 1u/10V
Added Member To Class: ClassName=UR1 Member=Component C8_UR1 (C8) 1u/10V
Added Member To Class: ClassName=UR2 Member=Component C8_UR2 (C8) 1u/10V
Added Member To Class: ClassName=UR1 Member=Component C9_UR1 (C9) 1u/10V
Added Member To Class: ClassName=UR2 Member=Component C9_UR2 (C9) 1u/10V
Added Member To Class: ClassName=UR1 Member=Component C10_UR1 (C10) 1u/10V
Added Member To Class: ClassName=UR2 Member=Component C10_UR2 (C10) 1u/10V
Added Member To Class: ClassName=UR1 Member=Component C11_UR1 (C11) 22p/50V
Added Member To Class: ClassName=UR2 Member=Component C11_UR2 (C11) 22p/50V
Added Member To Class: ClassName=UR1 Member=Component C12_UR1 (C12) 22p/50V
Added Member To Class: ClassName=UR2 Member=Component C12_UR2 (C12) 22p/50V
Added Member To Class: ClassName=UR1 Member=Component C13_UR1 (C13) 1u/10V
Added Member To Class: ClassName=UR2 Member=Component C13_UR2 (C13) 1u/10V
Added Member To Class: ClassName=U_Oscillating Member=Component C14 100n/50V
Added Member To Class: ClassName=U_Oscillating Member=Component C15 100n/50V
Added Member To Class: ClassName=U_Oscillating Member=Component C16 100n/50V
Added Member To Class: ClassName=U_Oscillating Member=Component C17 100n/50V
Added Member To Class: ClassName=U_Oscillating Member=Component C18 100n/50V
Added Member To Class: ClassName=U_Oscillating Member=Component C19 22p/50V
Added Member To Class: ClassName=Resonance-AA0 Member=Component C20 1n/50V
Added Member To Class: ClassName=Resonance-AA0 Member=Component C21 680p/50V
Added Member To Class: ClassName=Resonance-AA0 Member=Component C22 82n/16V
Added Member To Class: ClassName=Resonance-AA0 Member=Component C23 1n/50V
Added Member To Class: ClassName=Resonance-AA0 Member=Component C24 1u/50V
Added Member To Class: ClassName=Resonance-AA0 Member=Component C25 JMP 1
Added Member To Class: ClassName=Resonance-AA0 Member=Component C26 1u/50V
Added Member To Class: ClassName=UR1 Member=Component D1_UR1 (D1) Diode BAS70
Added Member To Class: ClassName=UR2 Member=Component D1_UR2 (D1) Diode BAS70
Added Member To Class: ClassName=UR1 Member=Component D2_UR1 (D2) Diode
Added Member To Class: ClassName=UR2 Member=Component D2_UR2 (D2) Diode
Added Member To Class: ClassName=UR1 Member=Component D3_UR1 (D3) Diode
Added Member To Class: ClassName=UR2 Member=Component D3_UR2 (D3) Diode
Added Member To Class: ClassName=UR1 Member=Component D4_UR1 (D4) Diode
Added Member To Class: ClassName=UR2 Member=Component D4_UR2 (D4) Diode
Added Member To Class: ClassName=U_Oscillating Member=Component D5 Diode
Added Member To Class: ClassName=U_Oscillating Member=Component D6 Diode
Added Member To Class: ClassName=U_Oscillating Member=Component D7 Diode
Added Member To Class: ClassName=U_Oscillating Member=Component D8 Diode
Added Member To Class: ClassName=U_Oscillating Member=Component D9 Diode
Added Member To Class: ClassName=Resonance-AA0 Member=Component D10 Diode
Added Member To Class: ClassName=Resonance-AA0 Member=Component L1 EMPTY
Added Member To Class: ClassName=Resonance-AA0 Member=Component L2 Inductor
Added Member To Class: ClassName=Resonance-AA0 Member=Component L3 Inductor
Added Member To Class: ClassName=Resonance-AA0 Member=Component L4 Inductor
Added Member To Class: ClassName=Resonance-AA0 Member=Component L5 Inductor
Added Member To Class: ClassName=Resonance-AA0 Member=Component L6 Inductor
Added Member To Class: ClassName=U_Oscillating Member=Component P1 Header 2
Added Member To Class: ClassName=U_Oscillating Member=Component P2 Header 2
Added Member To Class: ClassName=Resonance-AA0 Member=Component P4 BNC
Added Member To Class: ClassName=UR1 Member=Component Q1_UR1 (Q1) EPC2107
Added Member To Class: ClassName=UR2 Member=Component Q1_UR2 (Q1) EPC2107
Added Member To Class: ClassName=UR1 Member=Component Q2_UR1 (Q2) EPC2107
Added Member To Class: ClassName=UR2 Member=Component Q2_UR2 (Q2) EPC2107
Added Member To Class: ClassName=UR1 Member=Component Q3_UR1 (Q3) EPC2107
Added Member To Class: ClassName=UR2 Member=Component Q3_UR2 (Q3) EPC2107
Added Member To Class: ClassName=Resonance-AA0 Member=Component Q4 EPC2038
Added Member To Class: ClassName=Resonance-AA0 Member=Component Q5 EPC2036
Added Member To Class: ClassName=Resonance-AA0 Member=Component Q6 EPC2036
Added Member To Class: ClassName=Resonance-AA0 Member=Component Q7 EPC2036
Added Member To Class: ClassName=Resonance-AA0 Member=Component Q8 EPC2036
Added Member To Class: ClassName=UR1 Member=Component R1_UR1 (R1) Res1
Added Member To Class: ClassName=UR2 Member=Component R1_UR2 (R1) Res1
Added Member To Class: ClassName=UR1 Member=Component R2_UR1 (R2) Res1
Added Member To Class: ClassName=UR2 Member=Component R2_UR2 (R2) Res1
Added Member To Class: ClassName=UR1 Member=Component R3_UR1 (R3) Res1
Added Member To Class: ClassName=UR2 Member=Component R3_UR2 (R3) Res1
Added Member To Class: ClassName=UR1 Member=Component R4_UR1 (R4) Res1
Added Member To Class: ClassName=UR2 Member=Component R4_UR2 (R4) Res1
Added Member To Class: ClassName=UR1 Member=Component R5_UR1 (R5) Res1
Added Member To Class: ClassName=UR2 Member=Component R5_UR2 (R5) Res1
Added Member To Class: ClassName=UR1 Member=Component R6_UR1 (R6) Res1
Added Member To Class: ClassName=UR2 Member=Component R6_UR2 (R6) Res1
Added Member To Class: ClassName=UR1 Member=Component R7_UR1 (R7) Res1
Added Member To Class: ClassName=UR2 Member=Component R7_UR2 (R7) Res1
Added Member To Class: ClassName=UR1 Member=Component R8_UR1 (R8) Res1
Added Member To Class: ClassName=UR2 Member=Component R8_UR2 (R8) Res1
Added Member To Class: ClassName=UR1 Member=Component R9_UR1 (R9) Res1
Added Member To Class: ClassName=UR2 Member=Component R9_UR2 (R9) Res1
Added Member To Class: ClassName=U_Oscillating Member=Component R10 RPot
Added Member To Class: ClassName=U_Oscillating Member=Component R11 
Added Member To Class: ClassName=U_Oscillating Member=Component R13 RPot
Added Member To Class: ClassName=U_Oscillating Member=Component R14 
Added Member To Class: ClassName=U_Oscillating Member=Component R15 RPot
Added Member To Class: ClassName=U_Oscillating Member=Component R16 Res1
Added Member To Class: ClassName=U_Oscillating Member=Component R17 NC
Added Member To Class: ClassName=U_Oscillating Member=Component R18 
Added Member To Class: ClassName=U_Oscillating Member=Component R19 Res1
Added Member To Class: ClassName=U_Oscillating Member=Component R20 RPot
Added Member To Class: ClassName=U_Oscillating Member=Component R21 
Added Member To Class: ClassName=U_Oscillating Member=Component R22 
Added Member To Class: ClassName=U_Oscillating Member=Component R23 Res1
Added Member To Class: ClassName=U_Oscillating Member=Component R24 
Added Member To Class: ClassName=U_Oscillating Member=Component R25 
Added Member To Class: ClassName=U_Oscillating Member=Component R26 
Added Member To Class: ClassName=U_Oscillating Member=Component R27 
Added Member To Class: ClassName=U_Oscillating Member=Component R28 Res1
Added Member To Class: ClassName=Resonance-AA0 Member=Component R29 Res1
Added Member To Class: ClassName=Resonance-AA0 Member=Component R30 RPot
Added Member To Class: ClassName=Resonance-AA0 Member=Component R31 Res1
Added Member To Class: ClassName=Resonance-AA0 Member=Component R32 Res1
Added Member To Class: ClassName=Resonance-AA0 Member=Component R33 Res1
Added Member To Class: ClassName=Resonance-AA0 Member=Component R34 Res1
Added Member To Class: ClassName=Resonance-AA0 Member=Component R35 Res1
Added Member To Class: ClassName=Resonance-AA0 Member=Component T1 Trans Cupl
Added Member To Class: ClassName=Resonance-AA0 Member=Component T2 EMPTY
Added Member To Class: ClassName=UR1 Member=Component U1_UR1 (U1) LM5113TM
Added Member To Class: ClassName=UR2 Member=Component U1_UR2 (U1) LM5113TM
Added Member To Class: ClassName=U_Oscillating Member=Component U2 74LS08
Added Member To Class: ClassName=U_Oscillating Member=Component U3 74LS00
Added Member To Class: ClassName=U_Oscillating Member=Component U4 74LS157
Added Member To Class: ClassName=U_Oscillating Member=Component U5 SG-8002
Added Member To Class: ClassName=U_Oscillating Member=Component U6 DS1090
Added Member To Class: ClassName=U_Oscillating Member=Component U7 74LS08
Added Room: Name=Resonance-AA0
Added Room: Name=U_Oscillating
Added Room: Name=UR1
Added Room: Name=UR2
