Added Component: Designator=C1(0603)
Added Component: Designator=C2(0603)
Added Component: Designator=C3(0603)
Added Component: Designator=C4(0603)
Added Component: Designator=C5(0603)
Added Component: Designator=C6(0603)
Added Component: Designator=C7(0603)
Added Component: Designator=C8(0603)
Added Component: Designator=C9(0603)
Added Component: Designator=C10(0603)
Added Component: Designator=C11_U_GateDriverAndPowerDevices1(0603)
Added Component: Designator=C11_U_GateDriverAndPowerDevices2(0603)
Added Component: Designator=C12_U_GateDriverAndPowerDevices1(0603)
Added Component: Designator=C12_U_GateDriverAndPowerDevices2(0603)
Added Component: Designator=C13_U_GateDriverAndPowerDevices1(0603)
Added Component: Designator=C13_U_GateDriverAndPowerDevices2(0603)
Added Component: Designator=C14_U_GateDriverAndPowerDevices1(0603)
Added Component: Designator=C14_U_GateDriverAndPowerDevices2(0603)
Added Component: Designator=C15_U_GateDriverAndPowerDevices1(0603)
Added Component: Designator=C15_U_GateDriverAndPowerDevices2(0603)
Added Component: Designator=C16_U_GateDriverAndPowerDevices1(0603)
Added Component: Designator=C16_U_GateDriverAndPowerDevices2(0603)
Added Component: Designator=C17_U_GateDriverAndPowerDevices1(0603)
Added Component: Designator=C17_U_GateDriverAndPowerDevices2(0603)
Added Component: Designator=C18_U_GateDriverAndPowerDevices1(0603)
Added Component: Designator=C18_U_GateDriverAndPowerDevices2(0603)
Added Component: Designator=C19_U_GateDriverAndPowerDevices1(0603)
Added Component: Designator=C19_U_GateDriverAndPowerDevices2(0603)
Added Component: Designator=C20_U_GateDriverAndPowerDevices1(0603)
Added Component: Designator=C20_U_GateDriverAndPowerDevices2(0603)
Added Component: Designator=C21_U_GateDriverAndPowerDevices1(0603)
Added Component: Designator=C21_U_GateDriverAndPowerDevices2(0603)
Added Component: Designator=C22_U_GateDriverAndPowerDevices1(0603)
Added Component: Designator=C22_U_GateDriverAndPowerDevices2(0603)
Added Component: Designator=C23_U_GateDriverAndPowerDevices1(0603)
Added Component: Designator=C23_U_GateDriverAndPowerDevices2(0603)
Added Component: Designator=C24(0603)
Added Component: Designator=C25(0603)
Added Component: Designator=C26(0603)
Added Component: Designator=C27(0603)
Added Component: Designator=C28(0603)
Added Component: Designator=C29(0603)
Added Component: Designator=C30(0603)
Added Component: Designator=C31(0603)
Added Component: Designator=C32(0603)
Added Component: Designator=C33(0603)
Added Component: Designator=C34(0603)
Added Component: Designator=C35(0603)
Added Component: Designator=C36(0603)
Added Component: Designator=C37(0603)
Added Component: Designator=C38(0603)
Added Component: Designator=C39(0603)
Added Component: Designator=C40(0603)
Added Component: Designator=C41(0603)
Added Component: Designator=C42(0603)
Added Component: Designator=C43(0603)
Added Component: Designator=C44(0603)
Added Component: Designator=C45(0603)
Added Component: Designator=C46(0603)
Added Component: Designator=C47(0603)
Added Component: Designator=C48(0603)
Added Component: Designator=C49(0603)
Added Component: Designator=C50(0603)
Added Component: Designator=C51(0603)
Added Component: Designator=C52(0603)
Added Component: Designator=C53(0603)
Added Component: Designator=C54(0603)
Added Component: Designator=C55(0603)
Added Component: Designator=C56(0603)
Added Component: Designator=C57(0603)
Added Component: Designator=C58(0603)
Added Component: Designator=D1(LED-0)
Added Component: Designator=D2(LED-0)
Added Component: Designator=D3(SOT-23_N)
Added Component: Designator=D4(SOT-23_N)
Added Component: Designator=D5(SOT-23_N)
Added Component: Designator=D6(SMC)
Added Component: Designator=D7(SMC)
Added Component: Designator=D8(SMC)
Added Component: Designator=D9(SMC)
Added Component: Designator=D10(SMC)
Added Component: Designator=D11(SMC)
Added Component: Designator=D12(SMC)
Added Component: Designator=D13_U_GateDriverAndPowerDevices1(SOT-23_N)
Added Component: Designator=D13_U_GateDriverAndPowerDevices2(SOT-23_N)
Added Component: Designator=D14_U_GateDriverAndPowerDevices1(SMC)
Added Component: Designator=D14_U_GateDriverAndPowerDevices2(SMC)
Added Component: Designator=D15_U_GateDriverAndPowerDevices1(SMC)
Added Component: Designator=D15_U_GateDriverAndPowerDevices2(SMC)
Added Component: Designator=D16_U_GateDriverAndPowerDevices1(SMC)
Added Component: Designator=D16_U_GateDriverAndPowerDevices2(SMC)
Added Component: Designator=D17(LED-0)
Added Component: Designator=D18(LED-0)
Added Component: Designator=D19(LED-0)
Added Component: Designator=D20(SMC)
Added Component: Designator=D21(SMC)
Added Component: Designator=D22(SMC)
Added Component: Designator=D23(SMC)
Added Component: Designator=D24(SMC)
Added Component: Designator=D25(SMC)
Added Component: Designator=D26(SMC)
Added Component: Designator=D27(SMC)
Added Component: Designator=D28(SMA)
Added Component: Designator=L1(0402-A)
Added Component: Designator=L2(0402-A)
Added Component: Designator=L3(0402-A)
Added Component: Designator=L4(0402-A)
Added Component: Designator=L5(0402-A)
Added Component: Designator=L6(0402-A)
Added Component: Designator=L7(0402-A)
Added Component: Designator=L8(0402-A)
Added Component: Designator=P1(HDR1X3)
Added Component: Designator=P2(HDR1X2)
Added Component: Designator=P3(HDR1X2)
Added Component: Designator=P4(HDR1X2)
Added Component: Designator=P5(HDR1X2)
Added Component: Designator=P6(HDR1X2)
Added Component: Designator=P7(BNC_RA CON)
Added Component: Designator=P8(HDR1X2)
Added Component: Designator=P9(HDR1X2)
Added Component: Designator=Q1(E3)
Added Component: Designator=Q2_U_GateDriverAndPowerDevices1(E3)
Added Component: Designator=Q2_U_GateDriverAndPowerDevices2(E3)
Added Component: Designator=Q3_U_GateDriverAndPowerDevices1(E3)
Added Component: Designator=Q3_U_GateDriverAndPowerDevices2(E3)
Added Component: Designator=Q4_U_GateDriverAndPowerDevices1(E3)
Added Component: Designator=Q4_U_GateDriverAndPowerDevices2(E3)
Added Component: Designator=Q5(E3)
Added Component: Designator=Q6(E3)
Added Component: Designator=Q7(E3)
Added Component: Designator=Q8(E3)
Added Component: Designator=Q9(E3)
Added Component: Designator=Q10(E3)
Added Component: Designator=Q11(E3)
Added Component: Designator=Q12(E3)
Added Component: Designator=R1(AXIAL-0.3)
Added Component: Designator=R2(AXIAL-0.3)
Added Component: Designator=R3(AXIAL-0.3)
Added Component: Designator=R4(AXIAL-0.3)
Added Component: Designator=R5(AXIAL-0.3)
Added Component: Designator=R6(AXIAL-0.3)
Added Component: Designator=R7(AXIAL-0.3)
Added Component: Designator=R8(AXIAL-0.3)
Added Component: Designator=R9(AXIAL-0.3)
Added Component: Designator=R10(AXIAL-0.3)
Added Component: Designator=R11(AXIAL-0.3)
Added Component: Designator=R12(AXIAL-0.3)
Added Component: Designator=R13(AXIAL-0.3)
Added Component: Designator=R14(AXIAL-0.3)
Added Component: Designator=R15(AXIAL-0.3)
Added Component: Designator=R16(AXIAL-0.3)
Added Component: Designator=R17(AXIAL-0.3)
Added Component: Designator=R18(AXIAL-0.3)
Added Component: Designator=R19(AXIAL-0.3)
Added Component: Designator=R20(AXIAL-0.3)
Added Component: Designator=R21(AXIAL-0.3)
Added Component: Designator=R22(AXIAL-0.3)
Added Component: Designator=R23(AXIAL-0.3)
Added Component: Designator=R24(AXIAL-0.3)
Added Component: Designator=R25_U_GateDriverAndPowerDevices1(AXIAL-0.3)
Added Component: Designator=R25_U_GateDriverAndPowerDevices2(AXIAL-0.3)
Added Component: Designator=R26_U_GateDriverAndPowerDevices1(AXIAL-0.3)
Added Component: Designator=R26_U_GateDriverAndPowerDevices2(AXIAL-0.3)
Added Component: Designator=R27_U_GateDriverAndPowerDevices1(AXIAL-0.3)
Added Component: Designator=R27_U_GateDriverAndPowerDevices2(AXIAL-0.3)
Added Component: Designator=R28_U_GateDriverAndPowerDevices1(AXIAL-0.3)
Added Component: Designator=R28_U_GateDriverAndPowerDevices2(AXIAL-0.3)
Added Component: Designator=R29_U_GateDriverAndPowerDevices1(AXIAL-0.3)
Added Component: Designator=R29_U_GateDriverAndPowerDevices2(AXIAL-0.3)
Added Component: Designator=R30_U_GateDriverAndPowerDevices1(AXIAL-0.3)
Added Component: Designator=R30_U_GateDriverAndPowerDevices2(AXIAL-0.3)
Added Component: Designator=R31_U_GateDriverAndPowerDevices1(AXIAL-0.3)
Added Component: Designator=R31_U_GateDriverAndPowerDevices2(AXIAL-0.3)
Added Component: Designator=R32_U_GateDriverAndPowerDevices1(AXIAL-0.3)
Added Component: Designator=R32_U_GateDriverAndPowerDevices2(AXIAL-0.3)
Added Component: Designator=R33_U_GateDriverAndPowerDevices1(AXIAL-0.3)
Added Component: Designator=R33_U_GateDriverAndPowerDevices2(AXIAL-0.3)
Added Component: Designator=R34(AXIAL-0.3)
Added Component: Designator=R35(AXIAL-0.3)
Added Component: Designator=R36(AXIAL-0.3)
Added Component: Designator=R37(AXIAL-0.3)
Added Component: Designator=R38(AXIAL-0.3)
Added Component: Designator=R39(AXIAL-0.3)
Added Component: Designator=R40(AXIAL-0.3)
Added Component: Designator=R41(AXIAL-0.3)
Added Component: Designator=R42(AXIAL-0.3)
Added Component: Designator=R43(AXIAL-0.3)
Added Component: Designator=R44(AXIAL-0.3)
Added Component: Designator=R45(AXIAL-0.3)
Added Component: Designator=R46(AXIAL-0.3)
Added Component: Designator=R47(AXIAL-0.3)
Added Component: Designator=R48(AXIAL-0.3)
Added Component: Designator=R49(VR5)
Added Component: Designator=R50(AXIAL-0.3)
Added Component: Designator=R51(AXIAL-0.3)
Added Component: Designator=R52(VR5)
Added Component: Designator=R53(AXIAL-0.3)
Added Component: Designator=R54(VR5)
Added Component: Designator=R55(AXIAL-0.3)
Added Component: Designator=R56(AXIAL-0.3)
Added Component: Designator=R57(AXIAL-0.3)
Added Component: Designator=R58(AXIAL-0.3)
Added Component: Designator=R59(VR5)
Added Component: Designator=R60(AXIAL-0.3)
Added Component: Designator=R61(AXIAL-0.3)
Added Component: Designator=R62(AXIAL-0.3)
Added Component: Designator=R63(AXIAL-0.3)
Added Component: Designator=R64(AXIAL-0.3)
Added Component: Designator=R65(AXIAL-0.3)
Added Component: Designator=R66(AXIAL-0.3)
Added Component: Designator=R67(AXIAL-0.3)
Added Component: Designator=R68(AXIAL-0.3)
Added Component: Designator=R69(AXIAL-0.3)
Added Component: Designator=R70(AXIAL-0.3)
Added Component: Designator=R71(AXIAL-0.3)
Added Component: Designator=R72(AXIAL-0.3)
Added Component: Designator=R73(AXIAL-0.3)
Added Component: Designator=R74(AXIAL-0.3)
Added Component: Designator=R75(AXIAL-0.3)
Added Component: Designator=R76(AXIAL-0.3)
Added Component: Designator=R77(AXIAL-0.3)
Added Component: Designator=R78(AXIAL-0.3)
Added Component: Designator=R79(AXIAL-0.3)
Added Component: Designator=R80(AXIAL-0.3)
Added Component: Designator=R81(AXIAL-0.3)
Added Component: Designator=R82(AXIAL-0.3)
Added Component: Designator=R83(AXIAL-0.7)
Added Component: Designator=R84(AXIAL-0.3)
Added Component: Designator=R85(AXIAL-0.3)
Added Component: Designator=R86(AXIAL-0.3)
Added Component: Designator=R87(AXIAL-0.3)
Added Component: Designator=R88(AXIAL-0.3)
Added Component: Designator=T1(TRF_4)
Added Component: Designator=T2(TRF_4)
Added Component: Designator=T3(TRF_4)
Added Component: Designator=U3(SO-14)
Added Component: Designator=U6(74LS20)
Added Component: Designator=U7(74LS04)
Added Pin To Net: NetName=4.7V_U_GateDriverAndPowerDevices1 Pin=C13_U_GateDriverAndPowerDevices1-1
Added Pin To Net: NetName=4.7V_U_GateDriverAndPowerDevices1 Pin=C23_U_GateDriverAndPowerDevices1-1
Added Pin To Net: NetName=4.7V_U_GateDriverAndPowerDevices1 Pin=D14_U_GateDriverAndPowerDevices1-1
Added Pin To Net: NetName=4.7V_U_GateDriverAndPowerDevices1 Pin=D16_U_GateDriverAndPowerDevices1-2
Added Net: Name=4.7V_U_GateDriverAndPowerDevices1
Added Pin To Net: NetName=4.7V_U_GateDriverAndPowerDevices2 Pin=C13_U_GateDriverAndPowerDevices2-1
Added Pin To Net: NetName=4.7V_U_GateDriverAndPowerDevices2 Pin=C23_U_GateDriverAndPowerDevices2-1
Added Pin To Net: NetName=4.7V_U_GateDriverAndPowerDevices2 Pin=D14_U_GateDriverAndPowerDevices2-1
Added Pin To Net: NetName=4.7V_U_GateDriverAndPowerDevices2 Pin=D16_U_GateDriverAndPowerDevices2-2
Added Net: Name=4.7V_U_GateDriverAndPowerDevices2
Added Pin To Net: NetName=5 VGD Pin=C45-2
Added Pin To Net: NetName=5 VGD Pin=C46-2
Added Pin To Net: NetName=5 VGD Pin=L2-2
Added Net: Name=5 VGD
Added Pin To Net: NetName=5VHS_U_GateDriverAndPowerDevices1 Pin=C12_U_GateDriverAndPowerDevices1-1
Added Pin To Net: NetName=5VHS_U_GateDriverAndPowerDevices1 Pin=C20_U_GateDriverAndPowerDevices1-1
Added Pin To Net: NetName=5VHS_U_GateDriverAndPowerDevices1 Pin=D13_U_GateDriverAndPowerDevices1-3
Added Pin To Net: NetName=5VHS_U_GateDriverAndPowerDevices1 Pin=R25_U_GateDriverAndPowerDevices1-1
Added Net: Name=5VHS_U_GateDriverAndPowerDevices1
Added Pin To Net: NetName=5VHS_U_GateDriverAndPowerDevices2 Pin=C12_U_GateDriverAndPowerDevices2-1
Added Pin To Net: NetName=5VHS_U_GateDriverAndPowerDevices2 Pin=C20_U_GateDriverAndPowerDevices2-1
Added Pin To Net: NetName=5VHS_U_GateDriverAndPowerDevices2 Pin=D13_U_GateDriverAndPowerDevices2-3
Added Pin To Net: NetName=5VHS_U_GateDriverAndPowerDevices2 Pin=R25_U_GateDriverAndPowerDevices2-1
Added Net: Name=5VHS_U_GateDriverAndPowerDevices2
Added Pin To Net: NetName=5V Pin=C1-2
Added Pin To Net: NetName=5V Pin=C4-2
Added Pin To Net: NetName=5V Pin=C11_U_GateDriverAndPowerDevices1-1
Added Pin To Net: NetName=5V Pin=C11_U_GateDriverAndPowerDevices2-1
Added Pin To Net: NetName=5V Pin=C31-2
Added Pin To Net: NetName=5V Pin=C32-2
Added Pin To Net: NetName=5V Pin=C33-2
Added Pin To Net: NetName=5V Pin=C34-2
Added Pin To Net: NetName=5V Pin=C35-2
Added Pin To Net: NetName=5V Pin=C39-2
Added Pin To Net: NetName=5V Pin=C40-2
Added Pin To Net: NetName=5V Pin=D16_U_GateDriverAndPowerDevices1-1
Added Pin To Net: NetName=5V Pin=D16_U_GateDriverAndPowerDevices2-1
Added Pin To Net: NetName=5V Pin=D25-1
Added Pin To Net: NetName=5V Pin=L1-2
Added Pin To Net: NetName=5V Pin=L2-1
Added Pin To Net: NetName=5V Pin=P1-2
Added Pin To Net: NetName=5V Pin=Q2_U_GateDriverAndPowerDevices1-1
Added Pin To Net: NetName=5V Pin=Q2_U_GateDriverAndPowerDevices2-1
Added Pin To Net: NetName=5V Pin=R7-2
Added Pin To Net: NetName=5V Pin=R16-1
Added Pin To Net: NetName=5V Pin=R55-2
Added Pin To Net: NetName=5V Pin=R67-2
Added Pin To Net: NetName=5V Pin=R69-1
Added Pin To Net: NetName=5V Pin=R73-1
Added Pin To Net: NetName=5V Pin=U7-14
Added Net: Name=5V
Added Pin To Net: NetName=A4WPMODE Pin=C3-1
Added Pin To Net: NetName=A4WPMODE Pin=C29-1
Added Pin To Net: NetName=A4WPMODE Pin=D4-3
Added Pin To Net: NetName=A4WPMODE Pin=Q5-2
Added Pin To Net: NetName=A4WPMODE Pin=R1-1
Added Pin To Net: NetName=A4WPMODE Pin=R6-1
Added Net: Name=A4WPMODE
Added Pin To Net: NetName=GH_U_GateDriverAndPowerDevices1 Pin=R28_U_GateDriverAndPowerDevices1-2
Added Pin To Net: NetName=GH_U_GateDriverAndPowerDevices1 Pin=R30_U_GateDriverAndPowerDevices1-1
Added Pin To Net: NetName=GH_U_GateDriverAndPowerDevices1 Pin=R31_U_GateDriverAndPowerDevices1-1
Added Net: Name=GH_U_GateDriverAndPowerDevices1
Added Pin To Net: NetName=GH_U_GateDriverAndPowerDevices2 Pin=R28_U_GateDriverAndPowerDevices2-2
Added Pin To Net: NetName=GH_U_GateDriverAndPowerDevices2 Pin=R30_U_GateDriverAndPowerDevices2-1
Added Pin To Net: NetName=GH_U_GateDriverAndPowerDevices2 Pin=R31_U_GateDriverAndPowerDevices2-1
Added Net: Name=GH_U_GateDriverAndPowerDevices2
Added Pin To Net: NetName=GL_U_GateDriverAndPowerDevices1 Pin=R29_U_GateDriverAndPowerDevices1-2
Added Pin To Net: NetName=GL_U_GateDriverAndPowerDevices1 Pin=R32_U_GateDriverAndPowerDevices1-1
Added Pin To Net: NetName=GL_U_GateDriverAndPowerDevices1 Pin=R33_U_GateDriverAndPowerDevices1-1
Added Net: Name=GL_U_GateDriverAndPowerDevices1
Added Pin To Net: NetName=GL_U_GateDriverAndPowerDevices2 Pin=R29_U_GateDriverAndPowerDevices2-2
Added Pin To Net: NetName=GL_U_GateDriverAndPowerDevices2 Pin=R32_U_GateDriverAndPowerDevices2-1
Added Pin To Net: NetName=GL_U_GateDriverAndPowerDevices2 Pin=R33_U_GateDriverAndPowerDevices2-1
Added Net: Name=GL_U_GateDriverAndPowerDevices2
Added Pin To Net: NetName=GLPH Pin=R76-1
Added Net: Name=GLPH
Added Pin To Net: NetName=GLPL Pin=Q6-2
Added Pin To Net: NetName=GLPL Pin=Q7-2
Added Pin To Net: NetName=GLPL Pin=R76-2
Added Net: Name=GLPL
Added Pin To Net: NetName=GND Pin=C1-1
Added Pin To Net: NetName=GND Pin=C2-2
Added Pin To Net: NetName=GND Pin=C3-2
Added Pin To Net: NetName=GND Pin=C4-1
Added Pin To Net: NetName=GND Pin=C6-1
Added Pin To Net: NetName=GND Pin=C7-1
Added Pin To Net: NetName=GND Pin=C8-1
Added Pin To Net: NetName=GND Pin=C9-1
Added Pin To Net: NetName=GND Pin=C10-1
Added Pin To Net: NetName=GND Pin=C11_U_GateDriverAndPowerDevices1-2
Added Pin To Net: NetName=GND Pin=C11_U_GateDriverAndPowerDevices2-2
Added Pin To Net: NetName=GND Pin=C13_U_GateDriverAndPowerDevices1-2
Added Pin To Net: NetName=GND Pin=C13_U_GateDriverAndPowerDevices2-2
Added Pin To Net: NetName=GND Pin=C15_U_GateDriverAndPowerDevices1-1
Added Pin To Net: NetName=GND Pin=C15_U_GateDriverAndPowerDevices2-1
Added Pin To Net: NetName=GND Pin=C16_U_GateDriverAndPowerDevices1-1
Added Pin To Net: NetName=GND Pin=C16_U_GateDriverAndPowerDevices2-1
Added Pin To Net: NetName=GND Pin=C17_U_GateDriverAndPowerDevices1-1
Added Pin To Net: NetName=GND Pin=C17_U_GateDriverAndPowerDevices2-1
Added Pin To Net: NetName=GND Pin=C18_U_GateDriverAndPowerDevices1-1
Added Pin To Net: NetName=GND Pin=C18_U_GateDriverAndPowerDevices2-1
Added Pin To Net: NetName=GND Pin=C19_U_GateDriverAndPowerDevices1-1
Added Pin To Net: NetName=GND Pin=C19_U_GateDriverAndPowerDevices2-1
Added Pin To Net: NetName=GND Pin=C21_U_GateDriverAndPowerDevices1-2
Added Pin To Net: NetName=GND Pin=C21_U_GateDriverAndPowerDevices2-2
Added Pin To Net: NetName=GND Pin=C22_U_GateDriverAndPowerDevices1-2
Added Pin To Net: NetName=GND Pin=C22_U_GateDriverAndPowerDevices2-2
Added Pin To Net: NetName=GND Pin=C23_U_GateDriverAndPowerDevices1-2
Added Pin To Net: NetName=GND Pin=C23_U_GateDriverAndPowerDevices2-2
Added Pin To Net: NetName=GND Pin=C24-1
Added Pin To Net: NetName=GND Pin=C25-1
Added Pin To Net: NetName=GND Pin=C26-2
Added Pin To Net: NetName=GND Pin=C27-2
Added Pin To Net: NetName=GND Pin=C28-2
Added Pin To Net: NetName=GND Pin=C29-2
Added Pin To Net: NetName=GND Pin=C30-2
Added Pin To Net: NetName=GND Pin=C31-1
Added Pin To Net: NetName=GND Pin=C32-1
Added Pin To Net: NetName=GND Pin=C33-1
Added Pin To Net: NetName=GND Pin=C34-1
Added Pin To Net: NetName=GND Pin=C35-1
Added Pin To Net: NetName=GND Pin=C36-2
Added Pin To Net: NetName=GND Pin=C37-2
Added Pin To Net: NetName=GND Pin=C39-1
Added Pin To Net: NetName=GND Pin=C40-1
Added Pin To Net: NetName=GND Pin=C41-1
Added Pin To Net: NetName=GND Pin=C42-1
Added Pin To Net: NetName=GND Pin=C43-1
Added Pin To Net: NetName=GND Pin=C44-1
Added Pin To Net: NetName=GND Pin=C48-1
Added Pin To Net: NetName=GND Pin=C49-2
Added Pin To Net: NetName=GND Pin=C50-1
Added Pin To Net: NetName=GND Pin=C51-1
Added Pin To Net: NetName=GND Pin=C52-1
Added Pin To Net: NetName=GND Pin=C53-2
Added Pin To Net: NetName=GND Pin=C55-1
Added Pin To Net: NetName=GND Pin=C57-2
Added Pin To Net: NetName=GND Pin=D3-1
Added Pin To Net: NetName=GND Pin=D4-1
Added Pin To Net: NetName=GND Pin=D5-1
Added Pin To Net: NetName=GND Pin=D10-1
Added Pin To Net: NetName=GND Pin=D28-1
Added Pin To Net: NetName=GND Pin=P3-1
Added Pin To Net: NetName=GND Pin=P5-1
Added Pin To Net: NetName=GND Pin=P8-1
Added Pin To Net: NetName=GND Pin=Q1-3
Added Pin To Net: NetName=GND Pin=Q4_U_GateDriverAndPowerDevices1-3
Added Pin To Net: NetName=GND Pin=Q4_U_GateDriverAndPowerDevices2-3
Added Pin To Net: NetName=GND Pin=Q5-3
Added Pin To Net: NetName=GND Pin=Q8-1
Added Pin To Net: NetName=GND Pin=Q10-3
Added Pin To Net: NetName=GND Pin=Q12-3
Added Pin To Net: NetName=GND Pin=R3-2
Added Pin To Net: NetName=GND Pin=R4-2
Added Pin To Net: NetName=GND Pin=R5-2
Added Pin To Net: NetName=GND Pin=R6-2
Added Pin To Net: NetName=GND Pin=R9-1
Added Pin To Net: NetName=GND Pin=R10-1
Added Pin To Net: NetName=GND Pin=R12-2
Added Pin To Net: NetName=GND Pin=R18-2
Added Pin To Net: NetName=GND Pin=R19-2
Added Pin To Net: NetName=GND Pin=R21-2
Added Pin To Net: NetName=GND Pin=R23-2
Added Pin To Net: NetName=GND Pin=R24-2
Added Pin To Net: NetName=GND Pin=R37-1
Added Pin To Net: NetName=GND Pin=R39-2
Added Pin To Net: NetName=GND Pin=R40-1
Added Pin To Net: NetName=GND Pin=R47-1
Added Pin To Net: NetName=GND Pin=R48-1
Added Pin To Net: NetName=GND Pin=R56-1
Added Pin To Net: NetName=GND Pin=R58-1
Added Pin To Net: NetName=GND Pin=R61-1
Added Pin To Net: NetName=GND Pin=R62-1
Added Pin To Net: NetName=GND Pin=R63-1
Added Pin To Net: NetName=GND Pin=R64-1
Added Pin To Net: NetName=GND Pin=R65-1
Added Pin To Net: NetName=GND Pin=R66-1
Added Pin To Net: NetName=GND Pin=R70-2
Added Pin To Net: NetName=GND Pin=R74-1
Added Pin To Net: NetName=GND Pin=R75-2
Added Pin To Net: NetName=GND Pin=R80-1
Added Pin To Net: NetName=GND Pin=R81-2
Added Pin To Net: NetName=GND Pin=R83-1
Added Pin To Net: NetName=GND Pin=R84-2
Added Pin To Net: NetName=GND Pin=R86-1
Added Pin To Net: NetName=GND Pin=R87-1
Added Pin To Net: NetName=GND Pin=R88-1
Added Pin To Net: NetName=GND Pin=T1-2
Added Pin To Net: NetName=GND Pin=T2-3
Added Pin To Net: NetName=GND Pin=T3-4
Added Pin To Net: NetName=GND Pin=U3-4
Added Pin To Net: NetName=GND Pin=U7-7
Added Net: Name=GND
Added Pin To Net: NetName=H_SIG1 Pin=C21_U_GateDriverAndPowerDevices2-1
Added Pin To Net: NetName=H_SIG1 Pin=C22_U_GateDriverAndPowerDevices2-1
Added Pin To Net: NetName=H_SIG1 Pin=D20-1
Added Pin To Net: NetName=H_SIG1 Pin=D21-1
Added Pin To Net: NetName=H_SIG1 Pin=R49-2
Added Pin To Net: NetName=H_SIG1 Pin=R49-3
Added Pin To Net: NetName=H_SIG1 Pin=R50-1
Added Pin To Net: NetName=H_SIG1 Pin=R52-2
Added Pin To Net: NetName=H_SIG1 Pin=R52-3
Added Pin To Net: NetName=H_SIG1 Pin=R53-1
Added Net: Name=H_SIG1
Added Pin To Net: NetName=H_SIG2 Pin=C22_U_GateDriverAndPowerDevices1-1
Added Pin To Net: NetName=H_SIG2 Pin=D23-1
Added Pin To Net: NetName=H_SIG2 Pin=R54-2
Added Pin To Net: NetName=H_SIG2 Pin=R54-3
Added Pin To Net: NetName=H_SIG2 Pin=R57-1
Added Net: Name=H_SIG2
Added Pin To Net: NetName=HFOSC Pin=R58-2
Added Net: Name=HFOSC
Added Pin To Net: NetName=ICOIL Pin=C54-2
Added Pin To Net: NetName=ICOIL Pin=D12-1
Added Pin To Net: NetName=ICOIL Pin=R82-2
Added Pin To Net: NetName=ICOIL Pin=R84-1
Added Pin To Net: NetName=ICOIL Pin=R85-1
Added Net: Name=ICOIL
Added Pin To Net: NetName=INTOSC Pin=P4-2
Added Net: Name=INTOSC
Added Pin To Net: NetName=ISNS Pin=C45-1
Added Pin To Net: NetName=ISNS Pin=C46-1
Added Pin To Net: NetName=ISNS Pin=Q6-3
Added Pin To Net: NetName=ISNS Pin=Q7-3
Added Pin To Net: NetName=ISNS Pin=R79-2
Added Pin To Net: NetName=ISNS Pin=R80-2
Added Net: Name=ISNS
Added Pin To Net: NetName=L_SIG2 Pin=C21_U_GateDriverAndPowerDevices1-1
Added Pin To Net: NetName=L_SIG2 Pin=D24-1
Added Pin To Net: NetName=L_SIG2 Pin=R59-2
Added Pin To Net: NetName=L_SIG2 Pin=R59-3
Added Pin To Net: NetName=L_SIG2 Pin=R60-1
Added Net: Name=L_SIG2
Added Pin To Net: NetName=LFOSC Pin=R62-2
Added Net: Name=LFOSC
Added Pin To Net: NetName=MODE Pin=C6-2
Added Pin To Net: NetName=MODE Pin=Q1-2
Added Net: Name=MODE
Added Pin To Net: NetName=MOD Pin=D22-2
Added Pin To Net: NetName=MOD Pin=R51-1
Added Pin To Net: NetName=MOD Pin=U6-3
Added Pin To Net: NetName=MOD Pin=U6-4
Added Pin To Net: NetName=MOD Pin=U7-1
Added Net: Name=MOD
Added Pin To Net: NetName=NCLR Pin=R51-2
Added Pin To Net: NetName=NCLR Pin=U6-1
Added Net: Name=NCLR
Added Pin To Net: NetName=NetC5_2 Pin=C5-2
Added Pin To Net: NetName=NetC5_2 Pin=R15-2
Added Net: Name=NetC5_2
Added Pin To Net: NetName=NetC7_2 Pin=C7-2
Added Pin To Net: NetName=NetC7_2 Pin=D10-2
Added Pin To Net: NetName=NetC7_2 Pin=U3-6
Added Net: Name=NetC7_2
Added Pin To Net: NetName=NetC8_2 Pin=C8-2
Added Pin To Net: NetName=NetC8_2 Pin=R16-2
Added Pin To Net: NetName=NetC8_2 Pin=R20-1
Added Pin To Net: NetName=NetC8_2 Pin=R21-1
Added Pin To Net: NetName=NetC8_2 Pin=U3-5
Added Net: Name=NetC8_2
Added Pin To Net: NetName=NetC9_2 Pin=C9-2
Added Pin To Net: NetName=NetC9_2 Pin=D11-1
Added Pin To Net: NetName=NetC9_2 Pin=R22-2
Added Pin To Net: NetName=NetC9_2 Pin=R23-1
Added Net: Name=NetC9_2
Added Pin To Net: NetName=NetC14_U_GateDriverAndPowerDevices1_1 Pin=C14_U_GateDriverAndPowerDevices1-1
Added Pin To Net: NetName=NetC14_U_GateDriverAndPowerDevices1_1 Pin=D14_U_GateDriverAndPowerDevices1-2
Added Pin To Net: NetName=NetC14_U_GateDriverAndPowerDevices1_1 Pin=Q2_U_GateDriverAndPowerDevices1-2
Added Pin To Net: NetName=NetC14_U_GateDriverAndPowerDevices1_1 Pin=R26_U_GateDriverAndPowerDevices1-2
Added Net: Name=NetC14_U_GateDriverAndPowerDevices1_1
Added Pin To Net: NetName=NetC14_U_GateDriverAndPowerDevices1_2 Pin=C14_U_GateDriverAndPowerDevices1-2
Added Pin To Net: NetName=NetC14_U_GateDriverAndPowerDevices1_2 Pin=D15_U_GateDriverAndPowerDevices1-1
Added Pin To Net: NetName=NetC14_U_GateDriverAndPowerDevices1_2 Pin=R26_U_GateDriverAndPowerDevices1-1
Added Pin To Net: NetName=NetC14_U_GateDriverAndPowerDevices1_2 Pin=R27_U_GateDriverAndPowerDevices1-2
Added Net: Name=NetC14_U_GateDriverAndPowerDevices1_2
Added Pin To Net: NetName=NetC14_U_GateDriverAndPowerDevices2_1 Pin=C14_U_GateDriverAndPowerDevices2-1
Added Pin To Net: NetName=NetC14_U_GateDriverAndPowerDevices2_1 Pin=D14_U_GateDriverAndPowerDevices2-2
Added Pin To Net: NetName=NetC14_U_GateDriverAndPowerDevices2_1 Pin=Q2_U_GateDriverAndPowerDevices2-2
Added Pin To Net: NetName=NetC14_U_GateDriverAndPowerDevices2_1 Pin=R26_U_GateDriverAndPowerDevices2-2
Added Net: Name=NetC14_U_GateDriverAndPowerDevices2_1
Added Pin To Net: NetName=NetC14_U_GateDriverAndPowerDevices2_2 Pin=C14_U_GateDriverAndPowerDevices2-2
Added Pin To Net: NetName=NetC14_U_GateDriverAndPowerDevices2_2 Pin=D15_U_GateDriverAndPowerDevices2-1
Added Pin To Net: NetName=NetC14_U_GateDriverAndPowerDevices2_2 Pin=R26_U_GateDriverAndPowerDevices2-1
Added Pin To Net: NetName=NetC14_U_GateDriverAndPowerDevices2_2 Pin=R27_U_GateDriverAndPowerDevices2-2
Added Net: Name=NetC14_U_GateDriverAndPowerDevices2_2
Added Pin To Net: NetName=NetC25_2 Pin=C25-2
Added Pin To Net: NetName=NetC25_2 Pin=R36-1
Added Pin To Net: NetName=NetC25_2 Pin=R40-2
Added Net: Name=NetC25_2
Added Pin To Net: NetName=NetC28_1 Pin=C28-1
Added Pin To Net: NetName=NetC28_1 Pin=R43-1
Added Pin To Net: NetName=NetC28_1 Pin=R45-2
Added Pin To Net: NetName=NetC28_1 Pin=U3-2
Added Net: Name=NetC28_1
Added Pin To Net: NetName=NetC30_1 Pin=C30-1
Added Pin To Net: NetName=NetC30_1 Pin=R44-2
Added Pin To Net: NetName=NetC30_1 Pin=R46-1
Added Pin To Net: NetName=NetC30_1 Pin=R48-2
Added Pin To Net: NetName=NetC30_1 Pin=U3-3
Added Net: Name=NetC30_1
Added Pin To Net: NetName=NetC38_1 Pin=C38-1
Added Pin To Net: NetName=NetC38_1 Pin=L1-1
Added Net: Name=NetC38_1
Added Pin To Net: NetName=NetC38_2 Pin=C38-2
Added Pin To Net: NetName=NetC38_2 Pin=D25-2
Added Net: Name=NetC38_2
Added Pin To Net: NetName=NetC43_2 Pin=C43-2
Added Pin To Net: NetName=NetC43_2 Pin=R71-2
Added Net: Name=NetC43_2
Added Pin To Net: NetName=NetC47_1 Pin=C47-1
Added Pin To Net: NetName=NetC47_1 Pin=Q6-1
Added Pin To Net: NetName=NetC47_1 Pin=Q7-1
Added Pin To Net: NetName=NetC47_1 Pin=T1-3
Added Net: Name=NetC47_1
Added Pin To Net: NetName=NetC47_2 Pin=C47-2
Added Pin To Net: NetName=NetC47_2 Pin=D26-1
Added Pin To Net: NetName=NetC47_2 Pin=T1-1
Added Net: Name=NetC47_2
Added Pin To Net: NetName=NetC48_2 Pin=C48-2
Added Pin To Net: NetName=NetC48_2 Pin=R78-2
Added Net: Name=NetC48_2
Added Pin To Net: NetName=NetC49_1 Pin=C49-1
Added Net: Name=NetC49_1
Added Pin To Net: NetName=NetC50_2 Pin=C50-2
Added Pin To Net: NetName=NetC50_2 Pin=R78-1
Added Net: Name=NetC50_2
Added Pin To Net: NetName=NetC51_2 Pin=C51-2
Added Pin To Net: NetName=NetC51_2 Pin=R79-1
Added Net: Name=NetC51_2
Added Pin To Net: NetName=NetC52_2 Pin=C52-2
Added Pin To Net: NetName=NetC52_2 Pin=D27-2
Added Pin To Net: NetName=NetC52_2 Pin=R82-1
Added Pin To Net: NetName=NetC52_2 Pin=R83-2
Added Net: Name=NetC52_2
Added Pin To Net: NetName=NetC53_1 Pin=C53-1
Added Pin To Net: NetName=NetC53_1 Pin=D27-1
Added Pin To Net: NetName=NetC53_1 Pin=R86-2
Added Pin To Net: NetName=NetC53_1 Pin=T2-4
Added Pin To Net: NetName=NetC53_1 Pin=T3-3
Added Net: Name=NetC53_1
Added Pin To Net: NetName=NetC54_1 Pin=C54-1
Added Pin To Net: NetName=NetC54_1 Pin=Q8-3
Added Pin To Net: NetName=NetC54_1 Pin=R85-2
Added Net: Name=NetC54_1
Added Pin To Net: NetName=NetC55_2 Pin=C55-2
Added Pin To Net: NetName=NetC55_2 Pin=Q8-2
Added Net: Name=NetC55_2
Added Pin To Net: NetName=NetC56_1 Pin=C56-1
Added Pin To Net: NetName=NetC56_1 Pin=L5-1
Added Net: Name=NetC56_1
Added Pin To Net: NetName=NetC56_2 Pin=C56-2
Added Pin To Net: NetName=NetC56_2 Pin=Q9-2
Added Pin To Net: NetName=NetC56_2 Pin=Q9-3
Added Pin To Net: NetName=NetC56_2 Pin=Q10-1
Added Pin To Net: NetName=NetC56_2 Pin=R87-2
Added Net: Name=NetC56_2
Added Pin To Net: NetName=NetC58_1 Pin=C58-1
Added Pin To Net: NetName=NetC58_1 Pin=L8-1
Added Net: Name=NetC58_1
Added Pin To Net: NetName=NetC58_2 Pin=C58-2
Added Pin To Net: NetName=NetC58_2 Pin=Q11-2
Added Pin To Net: NetName=NetC58_2 Pin=Q11-3
Added Pin To Net: NetName=NetC58_2 Pin=Q12-1
Added Pin To Net: NetName=NetC58_2 Pin=R88-2
Added Net: Name=NetC58_2
Added Pin To Net: NetName=NetD1_1 Pin=D1-1
Added Pin To Net: NetName=NetD1_1 Pin=P1-1
Added Pin To Net: NetName=NetD1_1 Pin=R1-2
Added Net: Name=NetD1_1
Added Pin To Net: NetName=NetD1_2 Pin=D1-2
Added Pin To Net: NetName=NetD1_2 Pin=R3-1
Added Net: Name=NetD1_2
Added Pin To Net: NetName=NetD2_1 Pin=D2-1
Added Pin To Net: NetName=NetD2_1 Pin=P1-3
Added Pin To Net: NetName=NetD2_1 Pin=R2-2
Added Net: Name=NetD2_1
Added Pin To Net: NetName=NetD2_2 Pin=D2-2
Added Pin To Net: NetName=NetD2_2 Pin=R4-1
Added Net: Name=NetD2_2
Added Pin To Net: NetName=NetD5_3 Pin=D5-3
Added Pin To Net: NetName=NetD5_3 Pin=R8-1
Added Pin To Net: NetName=NetD5_3 Pin=R9-2
Added Pin To Net: NetName=NetD5_3 Pin=U3-12
Added Net: Name=NetD5_3
Added Pin To Net: NetName=NetD6_2 Pin=D6-2
Added Pin To Net: NetName=NetD6_2 Pin=D8-2
Added Pin To Net: NetName=NetD6_2 Pin=R11-2
Added Net: Name=NetD6_2
Added Pin To Net: NetName=NetD7_1 Pin=D7-1
Added Pin To Net: NetName=NetD7_1 Pin=R11-1
Added Pin To Net: NetName=NetD7_1 Pin=R12-1
Added Net: Name=NetD7_1
Added Pin To Net: NetName=NetD9_1 Pin=D9-1
Added Pin To Net: NetName=NetD9_1 Pin=R13-1
Added Pin To Net: NetName=NetD9_1 Pin=R14-1
Added Pin To Net: NetName=NetD9_1 Pin=R15-1
Added Net: Name=NetD9_1
Added Pin To Net: NetName=NetD15_U_GateDriverAndPowerDevices1_2 Pin=D15_U_GateDriverAndPowerDevices1-2
Added Pin To Net: NetName=NetD15_U_GateDriverAndPowerDevices1_2 Pin=R27_U_GateDriverAndPowerDevices1-1
Added Pin To Net: NetName=NetD15_U_GateDriverAndPowerDevices1_2 Pin=R28_U_GateDriverAndPowerDevices1-1
Added Pin To Net: NetName=NetD15_U_GateDriverAndPowerDevices1_2 Pin=R29_U_GateDriverAndPowerDevices1-1
Added Net: Name=NetD15_U_GateDriverAndPowerDevices1_2
Added Pin To Net: NetName=NetD15_U_GateDriverAndPowerDevices2_2 Pin=D15_U_GateDriverAndPowerDevices2-2
Added Pin To Net: NetName=NetD15_U_GateDriverAndPowerDevices2_2 Pin=R27_U_GateDriverAndPowerDevices2-1
Added Pin To Net: NetName=NetD15_U_GateDriverAndPowerDevices2_2 Pin=R28_U_GateDriverAndPowerDevices2-1
Added Pin To Net: NetName=NetD15_U_GateDriverAndPowerDevices2_2 Pin=R29_U_GateDriverAndPowerDevices2-1
Added Net: Name=NetD15_U_GateDriverAndPowerDevices2_2
Added Pin To Net: NetName=NetD17_1 Pin=D17-1
Added Pin To Net: NetName=NetD17_1 Pin=D18-1
Added Pin To Net: NetName=NetD17_1 Pin=R41-1
Added Net: Name=NetD17_1
Added Pin To Net: NetName=NetD17_2 Pin=D17-2
Added Net: Name=NetD17_2
Added Pin To Net: NetName=NetD18_2 Pin=D18-2
Added Net: Name=NetD18_2
Added Pin To Net: NetName=NetD19_1 Pin=D19-1
Added Pin To Net: NetName=NetD19_1 Pin=R42-1
Added Net: Name=NetD19_1
Added Pin To Net: NetName=NetD19_2 Pin=D19-2
Added Pin To Net: NetName=NetD19_2 Pin=R41-2
Added Pin To Net: NetName=NetD19_2 Pin=R46-2
Added Pin To Net: NetName=NetD19_2 Pin=U3-1
Added Net: Name=NetD19_2
Added Pin To Net: NetName=NetD20_2 Pin=D20-2
Added Pin To Net: NetName=NetD20_2 Pin=R49-1
Added Pin To Net: NetName=NetD20_2 Pin=R50-2
Added Pin To Net: NetName=NetD20_2 Pin=U7-3
Added Net: Name=NetD20_2
Added Pin To Net: NetName=NetD21_2 Pin=D21-2
Added Pin To Net: NetName=NetD21_2 Pin=R52-1
Added Pin To Net: NetName=NetD21_2 Pin=R53-2
Added Pin To Net: NetName=NetD21_2 Pin=U6-6
Added Net: Name=NetD21_2
Added Pin To Net: NetName=NetD23_2 Pin=D23-2
Added Pin To Net: NetName=NetD23_2 Pin=R54-1
Added Pin To Net: NetName=NetD23_2 Pin=R57-2
Added Pin To Net: NetName=NetD23_2 Pin=U7-6
Added Net: Name=NetD23_2
Added Pin To Net: NetName=NetD24_2 Pin=D24-2
Added Pin To Net: NetName=NetD24_2 Pin=R59-1
Added Pin To Net: NetName=NetD24_2 Pin=R60-2
Added Pin To Net: NetName=NetD24_2 Pin=U6-10
Added Net: Name=NetD24_2
Added Pin To Net: NetName=NetL3_2 Pin=L3-2
Added Pin To Net: NetName=NetL3_2 Pin=P7-2
Added Pin To Net: NetName=NetL3_2 Pin=P7-2
Added Pin To Net: NetName=NetL3_2 Pin=P7-2
Added Pin To Net: NetName=NetL3_2 Pin=T2-1
Added Pin To Net: NetName=NetL3_2 Pin=T3-1
Added Net: Name=NetL3_2
Added Pin To Net: NetName=NetL4_1 Pin=L4-1
Added Pin To Net: NetName=NetL4_1 Pin=L5-2
Added Net: Name=NetL4_1
Added Pin To Net: NetName=NetL7_1 Pin=L7-1
Added Pin To Net: NetName=NetL7_1 Pin=L8-2
Added Net: Name=NetL7_1
Added Pin To Net: NetName=NetP6_1 Pin=P6-1
Added Pin To Net: NetName=NetP6_1 Pin=R75-1
Added Net: Name=NetP6_1
Added Pin To Net: NetName=NetP6_2 Pin=P6-2
Added Pin To Net: NetName=NetP6_2 Pin=R73-2
Added Net: Name=NetP6_2
Added Pin To Net: NetName=NetQ1_1 Pin=Q1-1
Added Pin To Net: NetName=NetQ1_1 Pin=R14-2
Added Pin To Net: NetName=NetQ1_1 Pin=R18-1
Added Net: Name=NetQ1_1
Added Pin To Net: NetName=NetQ2_U_GateDriverAndPowerDevices1_3 Pin=Q2_U_GateDriverAndPowerDevices1-3
Added Pin To Net: NetName=NetQ2_U_GateDriverAndPowerDevices1_3 Pin=R25_U_GateDriverAndPowerDevices1-2
Added Net: Name=NetQ2_U_GateDriverAndPowerDevices1_3
Added Pin To Net: NetName=NetQ2_U_GateDriverAndPowerDevices2_3 Pin=Q2_U_GateDriverAndPowerDevices2-3
Added Pin To Net: NetName=NetQ2_U_GateDriverAndPowerDevices2_3 Pin=R25_U_GateDriverAndPowerDevices2-2
Added Net: Name=NetQ2_U_GateDriverAndPowerDevices2_3
Added Pin To Net: NetName=NetQ3_U_GateDriverAndPowerDevices1_2 Pin=Q3_U_GateDriverAndPowerDevices1-2
Added Pin To Net: NetName=NetQ3_U_GateDriverAndPowerDevices1_2 Pin=R30_U_GateDriverAndPowerDevices1-2
Added Pin To Net: NetName=NetQ3_U_GateDriverAndPowerDevices1_2 Pin=R31_U_GateDriverAndPowerDevices1-2
Added Net: Name=NetQ3_U_GateDriverAndPowerDevices1_2
Added Pin To Net: NetName=NetQ3_U_GateDriverAndPowerDevices2_2 Pin=Q3_U_GateDriverAndPowerDevices2-2
Added Pin To Net: NetName=NetQ3_U_GateDriverAndPowerDevices2_2 Pin=R30_U_GateDriverAndPowerDevices2-2
Added Pin To Net: NetName=NetQ3_U_GateDriverAndPowerDevices2_2 Pin=R31_U_GateDriverAndPowerDevices2-2
Added Net: Name=NetQ3_U_GateDriverAndPowerDevices2_2
Added Pin To Net: NetName=NetQ4_U_GateDriverAndPowerDevices1_2 Pin=Q4_U_GateDriverAndPowerDevices1-2
Added Pin To Net: NetName=NetQ4_U_GateDriverAndPowerDevices1_2 Pin=R32_U_GateDriverAndPowerDevices1-2
Added Pin To Net: NetName=NetQ4_U_GateDriverAndPowerDevices1_2 Pin=R33_U_GateDriverAndPowerDevices1-2
Added Net: Name=NetQ4_U_GateDriverAndPowerDevices1_2
Added Pin To Net: NetName=NetQ4_U_GateDriverAndPowerDevices2_2 Pin=Q4_U_GateDriverAndPowerDevices2-2
Added Pin To Net: NetName=NetQ4_U_GateDriverAndPowerDevices2_2 Pin=R32_U_GateDriverAndPowerDevices2-2
Added Pin To Net: NetName=NetQ4_U_GateDriverAndPowerDevices2_2 Pin=R33_U_GateDriverAndPowerDevices2-2
Added Net: Name=NetQ4_U_GateDriverAndPowerDevices2_2
Added Pin To Net: NetName=NetQ5_1 Pin=Q5-1
Added Pin To Net: NetName=NetQ5_1 Pin=R45-1
Added Pin To Net: NetName=NetQ5_1 Pin=R47-2
Added Net: Name=NetQ5_1
Added Pin To Net: NetName=NetR7_1 Pin=R7-1
Added Pin To Net: NetName=NetR7_1 Pin=R10-2
Added Pin To Net: NetName=NetR7_1 Pin=U3-13
Added Net: Name=NetR7_1
Added Pin To Net: NetName=NetR17_2 Pin=R17-2
Added Pin To Net: NetName=NetR17_2 Pin=R19-1
Added Net: Name=NetR17_2
Added Pin To Net: NetName=NetR35_1 Pin=R35-1
Added Net: Name=NetR35_1
Added Pin To Net: NetName=NetR37_2 Pin=R37-2
Added Net: Name=NetR37_2
Added Pin To Net: NetName=NetR55_1 Pin=R55-1
Added Pin To Net: NetName=NetR55_1 Pin=R56-2
Added Net: Name=NetR55_1
Added Pin To Net: NetName=NetR61_2 Pin=R61-2
Added Net: Name=NetR61_2
Added Pin To Net: NetName=NetR63_2 Pin=R63-2
Added Net: Name=NetR63_2
Added Pin To Net: NetName=NetR64_2 Pin=R64-2
Added Net: Name=NetR64_2
Added Pin To Net: NetName=NetR65_2 Pin=R65-2
Added Net: Name=NetR65_2
Added Pin To Net: NetName=NetR66_2 Pin=R66-2
Added Net: Name=NetR66_2
Added Pin To Net: NetName=NetR68_2 Pin=R68-2
Added Net: Name=NetR68_2
Added Pin To Net: NetName=NetR69_2 Pin=R69-2
Added Pin To Net: NetName=NetR69_2 Pin=R70-1
Added Net: Name=NetR69_2
Added Pin To Net: NetName=NetR72_1 Pin=R72-1
Added Pin To Net: NetName=NetR72_1 Pin=R74-2
Added Net: Name=NetR72_1
Added Pin To Net: NetName=NetR77_2 Pin=R77-2
Added Net: Name=NetR77_2
Added Pin To Net: NetName=NetR81_1 Pin=R81-1
Added Net: Name=NetR81_1
Added Pin To Net: NetName=NetU2_6 Pin=U3-14
Added Net: Name=NetU2_6
Added Pin To Net: NetName=NSD Pin=D22-1
Added Pin To Net: NetName=NSD Pin=U6-8
Added Pin To Net: NetName=NSD Pin=U7-4
Added Net: Name=NSD
Added Pin To Net: NetName=OOK M Pin=C36-1
Added Pin To Net: NetName=OOK M Pin=P5-2
Added Pin To Net: NetName=OOK M Pin=R67-1
Added Pin To Net: NetName=OOK M Pin=U6-2
Added Net: Name=OOK M
Added Pin To Net: NetName=OSC Pin=P3-2
Added Pin To Net: NetName=OSC Pin=P4-1
Added Pin To Net: NetName=OSC Pin=U6-5
Added Pin To Net: NetName=OSC Pin=U6-9
Added Pin To Net: NetName=OSC Pin=U7-2
Added Pin To Net: NetName=OSC Pin=U7-5
Added Net: Name=OSC
Added Pin To Net: NetName=OUT_U_GateDriverAndPowerDevices1 Pin=C12_U_GateDriverAndPowerDevices1-2
Added Pin To Net: NetName=OUT_U_GateDriverAndPowerDevices1 Pin=C20_U_GateDriverAndPowerDevices1-2
Added Pin To Net: NetName=OUT_U_GateDriverAndPowerDevices1 Pin=C57-1
Added Pin To Net: NetName=OUT_U_GateDriverAndPowerDevices1 Pin=D13_U_GateDriverAndPowerDevices1-1
Added Pin To Net: NetName=OUT_U_GateDriverAndPowerDevices1 Pin=L6-2
Added Pin To Net: NetName=OUT_U_GateDriverAndPowerDevices1 Pin=L7-2
Added Pin To Net: NetName=OUT_U_GateDriverAndPowerDevices1 Pin=P7-1
Added Pin To Net: NetName=OUT_U_GateDriverAndPowerDevices1 Pin=Q3_U_GateDriverAndPowerDevices1-3
Added Pin To Net: NetName=OUT_U_GateDriverAndPowerDevices1 Pin=Q4_U_GateDriverAndPowerDevices1-1
Added Net: Name=OUT_U_GateDriverAndPowerDevices1
Added Pin To Net: NetName=OUT_U_GateDriverAndPowerDevices2 Pin=C12_U_GateDriverAndPowerDevices2-2
Added Pin To Net: NetName=OUT_U_GateDriverAndPowerDevices2 Pin=C20_U_GateDriverAndPowerDevices2-2
Added Pin To Net: NetName=OUT_U_GateDriverAndPowerDevices2 Pin=D13_U_GateDriverAndPowerDevices2-1
Added Pin To Net: NetName=OUT_U_GateDriverAndPowerDevices2 Pin=L3-1
Added Pin To Net: NetName=OUT_U_GateDriverAndPowerDevices2 Pin=L4-2
Added Pin To Net: NetName=OUT_U_GateDriverAndPowerDevices2 Pin=L6-1
Added Pin To Net: NetName=OUT_U_GateDriverAndPowerDevices2 Pin=Q3_U_GateDriverAndPowerDevices2-3
Added Pin To Net: NetName=OUT_U_GateDriverAndPowerDevices2 Pin=Q4_U_GateDriverAndPowerDevices2-1
Added Pin To Net: NetName=OUT_U_GateDriverAndPowerDevices2 Pin=T2-2
Added Pin To Net: NetName=OUT_U_GateDriverAndPowerDevices2 Pin=T3-2
Added Net: Name=OUT_U_GateDriverAndPowerDevices2
Added Pin To Net: NetName=PCMP Pin=C26-1
Added Pin To Net: NetName=PCMP Pin=R38-2
Added Pin To Net: NetName=PCMP Pin=R39-1
Added Net: Name=PCMP
Added Pin To Net: NetName=PMON Pin=R22-1
Added Pin To Net: NetName=PMON Pin=R38-1
Added Net: Name=PMON
Added Pin To Net: NetName=PREDR Pin=R77-1
Added Net: Name=PREDR
Added Pin To Net: NetName=QIMODE Pin=C2-1
Added Pin To Net: NetName=QIMODE Pin=D3-3
Added Pin To Net: NetName=QIMODE Pin=R2-1
Added Pin To Net: NetName=QIMODE Pin=R5-1
Added Net: Name=QIMODE
Added Pin To Net: NetName=UVLO Pin=D8-1
Added Pin To Net: NetName=UVLO Pin=R20-2
Added Pin To Net: NetName=UVLO Pin=U3-7
Added Net: Name=UVLO
Added Pin To Net: NetName=VAMP Pin=C15_U_GateDriverAndPowerDevices1-2
Added Pin To Net: NetName=VAMP Pin=C15_U_GateDriverAndPowerDevices2-2
Added Pin To Net: NetName=VAMP Pin=C16_U_GateDriverAndPowerDevices1-2
Added Pin To Net: NetName=VAMP Pin=C16_U_GateDriverAndPowerDevices2-2
Added Pin To Net: NetName=VAMP Pin=C17_U_GateDriverAndPowerDevices1-2
Added Pin To Net: NetName=VAMP Pin=C17_U_GateDriverAndPowerDevices2-2
Added Pin To Net: NetName=VAMP Pin=C18_U_GateDriverAndPowerDevices1-2
Added Pin To Net: NetName=VAMP Pin=C18_U_GateDriverAndPowerDevices2-2
Added Pin To Net: NetName=VAMP Pin=C19_U_GateDriverAndPowerDevices1-2
Added Pin To Net: NetName=VAMP Pin=C19_U_GateDriverAndPowerDevices2-2
Added Pin To Net: NetName=VAMP Pin=P9-2
Added Pin To Net: NetName=VAMP Pin=Q3_U_GateDriverAndPowerDevices1-1
Added Pin To Net: NetName=VAMP Pin=Q3_U_GateDriverAndPowerDevices2-1
Added Pin To Net: NetName=VAMP Pin=Q9-1
Added Pin To Net: NetName=VAMP Pin=Q11-1
Added Pin To Net: NetName=VAMP Pin=R8-2
Added Net: Name=VAMP
Added Pin To Net: NetName=VFDBK Pin=C10-2
Added Pin To Net: NetName=VFDBK Pin=D7-2
Added Pin To Net: NetName=VFDBK Pin=D9-2
Added Pin To Net: NetName=VFDBK Pin=D11-2
Added Pin To Net: NetName=VFDBK Pin=D12-2
Added Pin To Net: NetName=VFDBK Pin=R24-1
Added Net: Name=VFDBK
Added Pin To Net: NetName=VIN Pin=C37-1
Added Pin To Net: NetName=VIN Pin=C41-2
Added Pin To Net: NetName=VIN Pin=C42-2
Added Pin To Net: NetName=VIN Pin=P8-2
Added Pin To Net: NetName=VIN Pin=R17-1
Added Pin To Net: NetName=VIN Pin=R68-1
Added Pin To Net: NetName=VIN Pin=R71-1
Added Pin To Net: NetName=VIN Pin=R72-2
Added Pin To Net: NetName=VIN Pin=T1-4
Added Net: Name=VIN
Added Pin To Net: NetName=VOFF Pin=D6-1
Added Net: Name=VOFF
Added Pin To Net: NetName=VOUT Pin=C5-1
Added Pin To Net: NetName=VOUT Pin=C24-2
Added Pin To Net: NetName=VOUT Pin=P9-1
Added Pin To Net: NetName=VOUT Pin=R13-2
Added Pin To Net: NetName=VOUT Pin=R34-1
Added Pin To Net: NetName=VOUT Pin=R36-2
Added Pin To Net: NetName=VOUT Pin=R43-2
Added Net: Name=VOUT
Added Pin To Net: NetName=VSEPIC Pin=C44-2
Added Pin To Net: NetName=VSEPIC Pin=D26-2
Added Pin To Net: NetName=VSEPIC Pin=R34-2
Added Pin To Net: NetName=VSEPIC Pin=R35-2
Added Net: Name=VSEPIC
Added Class: Name=top
Added Class: Name=U_ControlManage
Added Class: Name=U_ControlPower
Added Class: Name=U_GateDriverAndPowerDevices1
Added Class: Name=U_GateDriverAndPowerDevices2
Added Class: Name=U_MeasurevoltageCurrent
Added Class: Name=U_Oscillating
Added Class: Name=U_PowerSupport
Added Class: Name=U_Resonance-AA0
Added Class: Name=GateDriverAndPowerDevices
Added Room: Name=top
Added Room: Name=U_ControlManage
Added Room: Name=U_ControlPower
Added Room: Name=U_GateDriverAndPowerDevices1
Added Room: Name=U_GateDriverAndPowerDevices2
Added Room: Name=U_MeasurevoltageCurrent
Added Room: Name=U_Oscillating
Added Room: Name=U_PowerSupport
Added Room: Name=U_Resonance-AA0
